#
# There is insufficient memory for the Java Runtime Environment to continue.
# Native memory allocation (malloc) failed to allocate 1494432 bytes for Chunk::new
# Possible reasons:
#   The system is out of physical RAM or swap space
#   In 32 bit mode, the process size limit was hit
# Possible solutions:
#   Reduce memory load on the system
#   Increase physical memory or swap space
#   Check if swap backing store is full
#   Use 64 bit Java on a 64 bit OS
#   Decrease Java heap size (-Xmx/-Xms)
#   Decrease number of Java threads
#   Decrease Java thread stack sizes (-Xss)
#   Set larger code cache with -XX:ReservedCodeCacheSize=
# This output file may be truncated or incomplete.
#
#  Out of Memory Error (allocation.cpp:390), pid=13900, tid=0x000000000000181c
#
# JRE version: OpenJDK Runtime Environment (8.0_152-b01) (build 1.8.0_152-release-1343-b01)
# Java VM: OpenJDK 64-Bit Server VM (25.152-b01 mixed mode windows-amd64 compressed oops)
# Failed to write core dump. Minidumps are not enabled by default on client versions of Windows
#

---------------  T H R E A D  ---------------

Current thread (0x0000000016b7c000):  JavaThread "C2 CompilerThread0" daemon [_thread_in_native, id=6172, stack(0x00000000181d0000,0x00000000182d0000)]

Stack: [0x00000000181d0000,0x00000000182d0000]
[error occurred during error reporting (printing stack bounds), id 0xc0000005]

Native frames: (J=compiled Java code, j=interpreted, Vv=VM code, C=native code)


Current CompileTask:
C2:   7804 2956       4       groovy.lang.MetaClassImpl$1MOPIter::methodNameAction (325 bytes)


---------------  P R O C E S S  ---------------

Java Threads: ( => current thread )
  0x000000001fba4800 JavaThread "pool-1-thread-1" [_thread_blocked, id=120, stack(0x0000000020cc0000,0x0000000020dc0000)]
  0x000000001fbab000 JavaThread "Build operations Thread 4" [_thread_blocked, id=11796, stack(0x00000000218e0000,0x00000000219e0000)]
  0x000000001fbaa800 JavaThread "Build operations Thread 3" [_thread_blocked, id=1728, stack(0x00000000217e0000,0x00000000218e0000)]
  0x000000001fba9800 JavaThread "Build operations Thread 2" [_thread_blocked, id=12312, stack(0x00000000216e0000,0x00000000217e0000)]
  0x000000001fba6000 JavaThread "Build operations" [_thread_blocked, id=2784, stack(0x00000000215e0000,0x00000000216e0000)]
  0x0000000019c79000 JavaThread "Cache worker for execution history cache (C:\Users\HARSHIT KUMAR\.gradle\caches\5.1.1\executionHistory)" [_thread_blocked, id=4648, stack(0x00000000207c0000,0x00000000208c0000)]
  0x0000000019c79800 JavaThread "Cache worker for cache directory md-rule (C:\Users\HARSHIT KUMAR\.gradle\caches\5.1.1\md-rule)" [_thread_blocked, id=13848, stack(0x00000000206c0000,0x00000000207c0000)]
  0x0000000019c7b800 JavaThread "Cache worker for cache directory md-supplier (C:\Users\HARSHIT KUMAR\.gradle\caches\5.1.1\md-supplier)" [_thread_blocked, id=2612, stack(0x00000000205c0000,0x00000000206c0000)]
  0x0000000019c7d000 JavaThread "Cache worker for file hash cache (C:\Users\HARSHIT KUMAR\AndroidStudioProjects\InventoryApp\.gradle\5.1.1\fileHashes)" [_thread_blocked, id=14432, stack(0x000000001c8f0000,0x000000001c9f0000)]
  0x0000000019c7d800 JavaThread "Cache worker for journal cache (C:\Users\HARSHIT KUMAR\.gradle\caches\journal-1)" [_thread_blocked, id=14220, stack(0x000000001c5f0000,0x000000001c6f0000)]
  0x0000000019c2a800 JavaThread "File lock request listener" [_thread_in_native, id=12732, stack(0x000000001c4f0000,0x000000001c5f0000)]
  0x000000001994e800 JavaThread "Cache worker for file hash cache (C:\Users\HARSHIT KUMAR\.gradle\caches\5.1.1\fileHashes)" [_thread_blocked, id=4504, stack(0x000000001c3f0000,0x000000001c4f0000)]
  0x000000001a04a000 JavaThread "Thread-8" [_thread_blocked, id=15320, stack(0x000000001c2f0000,0x000000001c3f0000)]
  0x00000000198b4800 JavaThread "Stdin handler" [_thread_blocked, id=10680, stack(0x000000001c1f0000,0x000000001c2f0000)]
  0x0000000019961800 JavaThread "Asynchronous log dispatcher for DefaultDaemonConnection: socket connection from /127.0.0.1:59035 to /127.0.0.1:59036" [_thread_blocked, id=8664, stack(0x000000001c0f0000,0x000000001c1f0000)]
  0x000000001a048000 JavaThread "Daemon worker" [_thread_in_Java, id=9728, stack(0x000000001bff0000,0x000000001c0f0000)]
  0x0000000019fcb000 JavaThread "Cancel handler" [_thread_blocked, id=11128, stack(0x000000001bef0000,0x000000001bff0000)]
  0x0000000019624000 JavaThread "Handler for socket connection from /127.0.0.1:59035 to /127.0.0.1:59036" [_thread_in_native, id=5412, stack(0x000000001bbf0000,0x000000001bcf0000)]
  0x000000001988a000 JavaThread "Daemon" [_thread_blocked, id=14488, stack(0x000000001baf0000,0x000000001bbf0000)]
  0x00000000199c2800 JavaThread "Daemon periodic checks" [_thread_blocked, id=5432, stack(0x000000001b9f0000,0x000000001baf0000)]
  0x0000000019659000 JavaThread "Incoming local TCP Connector on port 59035" [_thread_in_native, id=7440, stack(0x000000001b7b0000,0x000000001b8b0000)]
  0x00000000184f1000 JavaThread "Service Thread" daemon [_thread_blocked, id=1432, stack(0x00000000188d0000,0x00000000189d0000)]
  0x0000000016ba8800 JavaThread "C1 CompilerThread2" daemon [_thread_blocked, id=5324, stack(0x00000000183d0000,0x00000000184d0000)]
  0x0000000016b85000 JavaThread "C2 CompilerThread1" daemon [_thread_blocked, id=7328, stack(0x00000000182d0000,0x00000000183d0000)]
=>0x0000000016b7c000 JavaThread "C2 CompilerThread0" daemon [_thread_in_native, id=6172, stack(0x00000000181d0000,0x00000000182d0000)]
  0x0000000016b7a800 JavaThread "Attach Listener" daemon [_thread_blocked, id=4588, stack(0x00000000180d0000,0x00000000181d0000)]
  0x0000000016b79000 JavaThread "Signal Dispatcher" daemon [_thread_blocked, id=15288, stack(0x0000000017fd0000,0x00000000180d0000)]
  0x000000000320b800 JavaThread "Finalizer" daemon [_thread_blocked, id=9640, stack(0x0000000017dd0000,0x0000000017ed0000)]
  0x0000000003200000 JavaThread "Reference Handler" daemon [_thread_blocked, id=13768, stack(0x0000000017cd0000,0x0000000017dd0000)]
  0x000000000147e800 JavaThread "main" [_thread_blocked, id=14804, stack(0x0000000002f70000,0x0000000003070000)]

Other Threads:
  0x0000000016b46000 VMThread [stack: 0x0000000017bd0000,0x0000000017cd0000] [id=3796]
  0x00000000184f2000 WatcherThread [stack: 0x00000000189d0000,0x0000000018ad0000] [id=8244]

VM state:not at safepoint (normal execution)

VM Mutex/Monitor currently owned by a thread: None

Heap:
 PSYoungGen      total 131072K, used 17745K [0x00000000e0000000, 0x00000000eb800000, 0x0000000100000000)
  eden space 123392K, 14% used [0x00000000e0000000,0x00000000e11544f8,0x00000000e7880000)
  from space 7680K, 0% used [0x00000000e8500000,0x00000000e8500000,0x00000000e8c80000)
  to   space 12800K, 0% used [0x00000000e7880000,0x00000000e7880000,0x00000000e8500000)
 ParOldGen       total 39424K, used 15830K [0x00000000a0000000, 0x00000000a2680000, 0x00000000e0000000)
  object space 39424K, 40% used [0x00000000a0000000,0x00000000a0f75828,0x00000000a2680000)
 Metaspace       used 38181K, capacity 38966K, committed 39336K, reserved 1083392K
  class space    used 5234K, capacity 5477K, committed 5544K, reserved 1048576K

Card table byte_map: [0x00000000125d0000,0x00000000128e0000] byte_map_base: 0x00000000120d0000

Marking Bits: (ParMarkBitMap*) 0x0000000062425aa0
 Begin Bits: [0x0000000012ee0000, 0x00000000146e0000)
 End Bits:   [0x00000000146e0000, 0x0000000015ee0000)

Polling page: 0x00000000014a0000

CodeCache: size=245760Kb used=9977Kb max_used=10754Kb free=235782Kb
 bounds [0x0000000003210000, 0x0000000003ca0000, 0x0000000012210000]
 total_blobs=3701 nmethods=2977 adapters=637
 compilation: enabled

Compilation events (10 events):
Event: 7.665 Thread 0x0000000016ba8800 3186       3       sun.reflect.annotation.AnnotationParser::toClass (32 bytes)
Event: 7.665 Thread 0x0000000016ba8800 nmethod 3186 0x0000000003406450 code [0x0000000003406660, 0x0000000003407288]
Event: 7.675 Thread 0x0000000016b85000 3188   !   4       java.lang.ClassLoader::loadClass (122 bytes)
Event: 7.703 Thread 0x0000000016b85000 nmethod 3188 0x0000000003c708d0 code [0x0000000003c70ac0, 0x0000000003c71ac8]
Event: 7.704 Thread 0x0000000016b85000 3189       4       java.net.URLStreamHandler::toExternalForm (219 bytes)
Event: 7.735 Thread 0x0000000016ba8800 3190       3       com.google.common.base.Equivalence$Equals::doHash (5 bytes)
Event: 7.736 Thread 0x0000000016ba8800 nmethod 3190 0x00000000035d9750 code [0x00000000035d98c0, 0x00000000035d9ae8]
Event: 7.743 Thread 0x0000000016b85000 nmethod 3189 0x00000000034d6e90 code [0x00000000034d7080, 0x00000000034d8bb8]
Event: 7.766 Thread 0x0000000016b85000 3191       4       java.util.concurrent.locks.AbstractQueuedSynchronizer::release (33 bytes)
Event: 7.769 Thread 0x0000000016b85000 nmethod 3191 0x00000000035d8f10 code [0x00000000035d9060, 0x00000000035d91a8]

GC Heap History (10 events):
Event: 4.434 GC heap before
{Heap before GC invocations=8 (full 1):
 PSYoungGen      total 71680K, used 7160K [0x00000000e0000000, 0x00000000e9100000, 0x0000000100000000)
  eden space 64512K, 0% used [0x00000000e0000000,0x00000000e0000000,0x00000000e3f00000)
  from space 7168K, 99% used [0x00000000e3f00000,0x00000000e45fe108,0x00000000e4600000)
  to   space 9728K, 0% used [0x00000000e8780000,0x00000000e8780000,0x00000000e9100000)
 ParOldGen       total 44032K, used 8361K [0x00000000a0000000, 0x00000000a2b00000, 0x00000000e0000000)
  object space 44032K, 18% used [0x00000000a0000000,0x00000000a082a410,0x00000000a2b00000)
 Metaspace       used 20685K, capacity 21102K, committed 21296K, reserved 1067008K
  class space    used 2901K, capacity 3087K, committed 3200K, reserved 1048576K
Event: 4.515 GC heap after
Heap after GC invocations=8 (full 1):
 PSYoungGen      total 71680K, used 0K [0x00000000e0000000, 0x00000000e9100000, 0x0000000100000000)
  eden space 64512K, 0% used [0x00000000e0000000,0x00000000e0000000,0x00000000e3f00000)
  from space 7168K, 0% used [0x00000000e3f00000,0x00000000e3f00000,0x00000000e4600000)
  to   space 9728K, 0% used [0x00000000e8780000,0x00000000e8780000,0x00000000e9100000)
 ParOldGen       total 39424K, used 10710K [0x00000000a0000000, 0x00000000a2680000, 0x00000000e0000000)
  object space 39424K, 27% used [0x00000000a0000000,0x00000000a0a75808,0x00000000a2680000)
 Metaspace       used 20685K, capacity 21102K, committed 21296K, reserved 1067008K
  class space    used 2901K, capacity 3087K, committed 3200K, reserved 1048576K
}
Event: 5.372 GC heap before
{Heap before GC invocations=9 (full 1):
 PSYoungGen      total 71680K, used 64512K [0x00000000e0000000, 0x00000000e9100000, 0x0000000100000000)
  eden space 64512K, 100% used [0x00000000e0000000,0x00000000e3f00000,0x00000000e3f00000)
  from space 7168K, 0% used [0x00000000e3f00000,0x00000000e3f00000,0x00000000e4600000)
  to   space 9728K, 0% used [0x00000000e8780000,0x00000000e8780000,0x00000000e9100000)
 ParOldGen       total 39424K, used 10710K [0x00000000a0000000, 0x00000000a2680000, 0x00000000e0000000)
  object space 39424K, 27% used [0x00000000a0000000,0x00000000a0a75808,0x00000000a2680000)
 Metaspace       used 28519K, capacity 29032K, committed 29184K, reserved 1075200K
  class space    used 3842K, capacity 4035K, committed 4096K, reserved 1048576K
Event: 5.383 GC heap after
Heap after GC invocations=9 (full 1):
 PSYoungGen      total 102400K, used 7592K [0x00000000e0000000, 0x00000000e8f00000, 0x0000000100000000)
  eden space 94720K, 0% used [0x00000000e0000000,0x00000000e0000000,0x00000000e5c80000)
  from space 7680K, 98% used [0x00000000e8780000,0x00000000e8eea120,0x00000000e8f00000)
  to   space 10240K, 0% used [0x00000000e7b00000,0x00000000e7b00000,0x00000000e8500000)
 ParOldGen       total 39424K, used 10718K [0x00000000a0000000, 0x00000000a2680000, 0x00000000e0000000)
  object space 39424K, 27% used [0x00000000a0000000,0x00000000a0a77808,0x00000000a2680000)
 Metaspace       used 28519K, capacity 29032K, committed 29184K, reserved 1075200K
  class space    used 3842K, capacity 4035K, committed 4096K, reserved 1048576K
}
Event: 6.868 GC heap before
{Heap before GC invocations=10 (full 1):
 PSYoungGen      total 102400K, used 102312K [0x00000000e0000000, 0x00000000e8f00000, 0x0000000100000000)
  eden space 94720K, 100% used [0x00000000e0000000,0x00000000e5c80000,0x00000000e5c80000)
  from space 7680K, 98% used [0x00000000e8780000,0x00000000e8eea120,0x00000000e8f00000)
  to   space 10240K, 0% used [0x00000000e7b00000,0x00000000e7b00000,0x00000000e8500000)
 ParOldGen       total 39424K, used 10718K [0x00000000a0000000, 0x00000000a2680000, 0x00000000e0000000)
  object space 39424K, 27% used [0x00000000a0000000,0x00000000a0a77808,0x00000000a2680000)
 Metaspace       used 33328K, capacity 33894K, committed 34048K, reserved 1079296K
  class space    used 4589K, capacity 4807K, committed 4864K, reserved 1048576K
Event: 6.886 GC heap after
Heap after GC invocations=10 (full 1):
 PSYoungGen      total 130560K, used 10237K [0x00000000e0000000, 0x00000000e8c80000, 0x0000000100000000)
  eden space 120320K, 0% used [0x00000000e0000000,0x00000000e0000000,0x00000000e7580000)
  from space 10240K, 99% used [0x00000000e7b00000,0x00000000e84ff740,0x00000000e8500000)
  to   space 7680K, 0% used [0x00000000e8500000,0x00000000e8500000,0x00000000e8c80000)
 ParOldGen       total 39424K, used 11512K [0x00000000a0000000, 0x00000000a2680000, 0x00000000e0000000)
  object space 39424K, 29% used [0x00000000a0000000,0x00000000a0b3e050,0x00000000a2680000)
 Metaspace       used 33328K, capacity 33894K, committed 34048K, reserved 1079296K
  class space    used 4589K, capacity 4807K, committed 4864K, reserved 1048576K
}
Event: 7.203 GC heap before
{Heap before GC invocations=11 (full 1):
 PSYoungGen      total 130560K, used 31675K [0x00000000e0000000, 0x00000000e8c80000, 0x0000000100000000)
  eden space 120320K, 17% used [0x00000000e0000000,0x00000000e14ef508,0x00000000e7580000)
  from space 10240K, 99% used [0x00000000e7b00000,0x00000000e84ff740,0x00000000e8500000)
  to   space 7680K, 0% used [0x00000000e8500000,0x00000000e8500000,0x00000000e8c80000)
 ParOldGen       total 39424K, used 11512K [0x00000000a0000000, 0x00000000a2680000, 0x00000000e0000000)
  object space 39424K, 29% used [0x00000000a0000000,0x00000000a0b3e050,0x00000000a2680000)
 Metaspace       used 34792K, capacity 35448K, committed 35496K, reserved 1079296K
  class space    used 4800K, capacity 5025K, committed 5032K, reserved 1048576K
Event: 7.222 GC heap after
Heap after GC invocations=11 (full 1):
 PSYoungGen      total 131072K, used 7680K [0x00000000e0000000, 0x00000000eb800000, 0x0000000100000000)
  eden space 123392K, 0% used [0x00000000e0000000,0x00000000e0000000,0x00000000e7880000)
  from space 7680K, 100% used [0x00000000e8500000,0x00000000e8c80000,0x00000000e8c80000)
  to   space 12800K, 0% used [0x00000000e7880000,0x00000000e7880000,0x00000000e8500000)
 ParOldGen       total 39424K, used 12778K [0x00000000a0000000, 0x00000000a2680000, 0x00000000e0000000)
  object space 39424K, 32% used [0x00000000a0000000,0x00000000a0c7ab80,0x00000000a2680000)
 Metaspace       used 34792K, capacity 35448K, committed 35496K, reserved 1079296K
  class space    used 4800K, capacity 5025K, committed 5032K, reserved 1048576K
}
Event: 7.222 GC heap before
{Heap before GC invocations=12 (full 2):
 PSYoungGen      total 131072K, used 7680K [0x00000000e0000000, 0x00000000eb800000, 0x0000000100000000)
  eden space 123392K, 0% used [0x00000000e0000000,0x00000000e0000000,0x00000000e7880000)
  from space 7680K, 100% used [0x00000000e8500000,0x00000000e8c80000,0x00000000e8c80000)
  to   space 12800K, 0% used [0x00000000e7880000,0x00000000e7880000,0x00000000e8500000)
 ParOldGen       total 39424K, used 12778K [0x00000000a0000000, 0x00000000a2680000, 0x00000000e0000000)
  object space 39424K, 32% used [0x00000000a0000000,0x00000000a0c7ab80,0x00000000a2680000)
 Metaspace       used 34792K, capacity 35448K, committed 35496K, reserved 1079296K
  class space    used 4800K, capacity 5025K, committed 5032K, reserved 1048576K
Event: 7.373 GC heap after
Heap after GC invocations=12 (full 2):
 PSYoungGen      total 131072K, used 0K [0x00000000e0000000, 0x00000000eb800000, 0x0000000100000000)
  eden space 123392K, 0% used [0x00000000e0000000,0x00000000e0000000,0x00000000e7880000)
  from space 7680K, 0% used [0x00000000e8500000,0x00000000e8500000,0x00000000e8c80000)
  to   space 12800K, 0% used [0x00000000e7880000,0x00000000e7880000,0x00000000e8500000)
 ParOldGen       total 39424K, used 15830K [0x00000000a0000000, 0x00000000a2680000, 0x00000000e0000000)
  object space 39424K, 40% used [0x00000000a0000000,0x00000000a0f75828,0x00000000a2680000)
 Metaspace       used 34789K, capacity 35436K, committed 35496K, reserved 1079296K
  class space    used 4799K, capacity 5023K, committed 5032K, reserved 1048576K
}

Deoptimization events (10 events):
Event: 5.357 Thread 0x000000001a048000 Uncommon trap: reason=class_check action=maybe_recompile pc=0x000000000380043c method=sun.misc.URLClassPath.getLoader(I)Lsun/misc/URLClassPath$Loader; @ 239
Event: 5.384 Thread 0x0000000003200000 Uncommon trap: reason=unstable_if action=reinterpret pc=0x000000000380d138 method=java.lang.ref.Reference.tryHandlePending(Z)Z @ 104
Event: 5.477 Thread 0x000000001a048000 Uncommon trap: reason=unstable_if action=reinterpret pc=0x00000000034dad0c method=java.io.WinNTFileSystem.resolve(Ljava/lang/String;Ljava/lang/String;)Ljava/lang/String; @ 49
Event: 5.556 Thread 0x000000001a048000 Uncommon trap: reason=bimorphic action=maybe_recompile pc=0x00000000039e9acc method=java.util.WeakHashMap.eq(Ljava/lang/Object;Ljava/lang/Object;)Z @ 7
Event: 5.563 Thread 0x000000001a048000 Uncommon trap: reason=bimorphic action=maybe_recompile pc=0x00000000039e9acc method=java.util.WeakHashMap.eq(Ljava/lang/Object;Ljava/lang/Object;)Z @ 7
Event: 5.930 Thread 0x000000001a048000 Uncommon trap: reason=unstable_if action=reinterpret pc=0x0000000003479350 method=java.net.URI.match(CJJ)Z @ 45
Event: 5.932 Thread 0x000000001a048000 Uncommon trap: reason=unstable_if action=reinterpret pc=0x0000000003374660 method=java.net.URI.match(CJJ)Z @ 45
Event: 5.933 Thread 0x000000001a048000 Uncommon trap: reason=unstable_if action=reinterpret pc=0x0000000003374ce0 method=java.net.URI.match(CJJ)Z @ 45
Event: 7.437 Thread 0x000000001a048000 Uncommon trap: reason=predicate action=maybe_recompile pc=0x000000000345f2d8 method=java.util.Arrays.binarySearch0([Ljava/lang/Object;IILjava/lang/Object;Ljava/util/Comparator;)I @ 28
Event: 7.562 Thread 0x000000001a048000 Uncommon trap: reason=unstable_if action=reinterpret pc=0x0000000003883014 method=sun.misc.MetaIndex.mayContain(Ljava/lang/String;)Z @ 38

Classes redefined (0 events):
No events

Internal exceptions (10 events):
Event: 7.023 Thread 0x000000001a048000 Exception <a 'java/lang/ClassNotFoundException': org/gradle/api/internal/AbstractTaskCustomizer> (0x00000000e0953950) thrown at [D:\src\AOSP-openjdk-cygwin\jdk8u\hotspot\src\share\vm\classfile\systemDictionary.cpp, line 210]
Event: 7.027 Thread 0x000000001a048000 Exception <a 'java/lang/ClassNotFoundException': org/gradle/api/DefaultTaskCustomizer> (0x00000000e09dd968) thrown at [D:\src\AOSP-openjdk-cygwin\jdk8u\hotspot\src\share\vm\classfile\systemDictionary.cpp, line 210]
Event: 7.028 Thread 0x000000001a048000 Exception <a 'java/lang/ClassNotFoundException': org/gradle/api/internal/ConventionTaskCustomizer> (0x00000000e0a1cdd8) thrown at [D:\src\AOSP-openjdk-cygwin\jdk8u\hotspot\src\share\vm\classfile\systemDictionary.cpp, line 210]
Event: 7.030 Thread 0x000000001a048000 Exception <a 'java/lang/ClassNotFoundException': org/gradle/api/tasks/DeleteCustomizer> (0x00000000e0a58ad0) thrown at [D:\src\AOSP-openjdk-cygwin\jdk8u\hotspot\src\share\vm\classfile\systemDictionary.cpp, line 210]
Event: 7.033 Thread 0x000000001a048000 Exception <a 'java/lang/ClassNotFoundException': org/gradle/api/tasks/Delete_DecoratedCustomizer> (0x00000000e0acaad8) thrown at [D:\src\AOSP-openjdk-cygwin\jdk8u\hotspot\src\share\vm\classfile\systemDictionary.cpp, line 210]
Event: 7.060 Thread 0x000000001a048000 Exception <a 'java/lang/ClassNotFoundException': build_80oykyd4nzj0qc3k94n1rghsqBeanInfo> (0x00000000e0bdf348) thrown at [D:\src\AOSP-openjdk-cygwin\jdk8u\hotspot\src\share\vm\classfile\systemDictionary.cpp, line 210]
Event: 7.060 Thread 0x000000001a048000 Exception <a 'java/lang/ClassNotFoundException': build_80oykyd4nzj0qc3k94n1rghsqCustomizer> (0x00000000e0bea668) thrown at [D:\src\AOSP-openjdk-cygwin\jdk8u\hotspot\src\share\vm\classfile\systemDictionary.cpp, line 210]
Event: 7.067 Thread 0x000000001a048000 Exception <a 'java/lang/ClassNotFoundException': org/gradle/api/internal/plugins/DefaultObjectConfigurationActionBeanInfo> (0x00000000e0c5a6e0) thrown at [D:\src\AOSP-openjdk-cygwin\jdk8u\hotspot\src\share\vm\classfile\systemDictionary.cpp, line 210]
Event: 7.068 Thread 0x000000001a048000 Exception <a 'java/lang/ClassNotFoundException': org/gradle/api/internal/plugins/DefaultObjectConfigurationActionCustomizer> (0x00000000e0c98018) thrown at [D:\src\AOSP-openjdk-cygwin\jdk8u\hotspot\src\share\vm\classfile\systemDictionary.cpp, line 210]
Event: 7.679 Thread 0x000000001a048000 Exception <a 'sun/nio/fs/WindowsException'> (0x00000000e0823090) thrown at [D:\src\AOSP-openjdk-cygwin\jdk8u\hotspot\src\share\vm\prims\jni.cpp, line 709]

Events (10 events):
Event: 7.770 loading class com/google/protobuf/Internal
Event: 7.770 loading class com/google/protobuf/Internal done
Event: 7.771 loading class com/google/protobuf/CodedInputStream
Event: 7.771 loading class com/google/protobuf/CodedInputStream done
Event: 7.772 loading class com/google/protobuf/CodedInputStream$UnsafeDirectNioDecoder
Event: 7.772 loading class com/google/protobuf/CodedInputStream$UnsafeDirectNioDecoder done
Event: 7.773 loading class com/google/protobuf/CodedInputStream$StreamDecoder
Event: 7.773 loading class com/google/protobuf/CodedInputStream$StreamDecoder done
Event: 7.773 loading class com/google/protobuf/CodedInputStream$ArrayDecoder
Event: 7.773 loading class com/google/protobuf/CodedInputStream$ArrayDecoder done


Dynamic libraries:
0x00007ff763f50000 - 0x00007ff763f81000 	C:\Program Files\Android\Android Studio\jre\bin\java.exe
0x00007ff95e040000 - 0x00007ff95e230000 	C:\WINDOWS\SYSTEM32\ntdll.dll
0x00007ff95dc60000 - 0x00007ff95dd12000 	C:\WINDOWS\System32\KERNEL32.DLL
0x00007ff95bc20000 - 0x00007ff95bec3000 	C:\WINDOWS\System32\KERNELBASE.dll
0x00007ff95dba0000 - 0x00007ff95dc43000 	C:\WINDOWS\System32\ADVAPI32.dll
0x00007ff95c5a0000 - 0x00007ff95c63e000 	C:\WINDOWS\System32\msvcrt.dll
0x00007ff95c500000 - 0x00007ff95c597000 	C:\WINDOWS\System32\sechost.dll
0x00007ff95d880000 - 0x00007ff95d9a0000 	C:\WINDOWS\System32\RPCRT4.dll
0x00007ff95d510000 - 0x00007ff95d6a4000 	C:\WINDOWS\System32\USER32.dll
0x00007ff95c0c0000 - 0x00007ff95c0e1000 	C:\WINDOWS\System32\win32u.dll
0x00007ff95d730000 - 0x00007ff95d756000 	C:\WINDOWS\System32\GDI32.dll
0x00007ff95bef0000 - 0x00007ff95c084000 	C:\WINDOWS\System32\gdi32full.dll
0x00007ff95b220000 - 0x00007ff95b2be000 	C:\WINDOWS\System32\msvcp_win.dll
0x00007ff95afd0000 - 0x00007ff95b0ca000 	C:\WINDOWS\System32\ucrtbase.dll
0x00007ff943bc0000 - 0x00007ff943e45000 	C:\WINDOWS\WinSxS\amd64_microsoft.windows.common-controls_6595b64144ccf1df_6.0.18362.720_none_e6beb5c51314836b\COMCTL32.dll
0x00007ff95d1c0000 - 0x00007ff95d4f6000 	C:\WINDOWS\System32\combase.dll
0x00007ff95bba0000 - 0x00007ff95bc20000 	C:\WINDOWS\System32\bcryptPrimitives.dll
0x00007ff95d9a0000 - 0x00007ff95d9ce000 	C:\WINDOWS\System32\IMM32.DLL
0x00000000617e0000 - 0x00000000618b2000 	C:\Program Files\Android\Android Studio\jre\jre\bin\msvcr100.dll
0x0000000061c60000 - 0x00000000624a1000 	C:\Program Files\Android\Android Studio\jre\jre\bin\server\jvm.dll
0x00007ff95d760000 - 0x00007ff95d768000 	C:\WINDOWS\System32\PSAPI.DLL
0x00007ff9589b0000 - 0x00007ff9589d4000 	C:\WINDOWS\SYSTEM32\WINMM.dll
0x00007ff946f90000 - 0x00007ff946f99000 	C:\WINDOWS\SYSTEM32\WSOCK32.dll
0x00007ff95de60000 - 0x00007ff95decf000 	C:\WINDOWS\System32\WS2_32.dll
0x00007ff9522b0000 - 0x00007ff9522ba000 	C:\WINDOWS\SYSTEM32\VERSION.dll
0x00007ff958980000 - 0x00007ff9589ad000 	C:\WINDOWS\SYSTEM32\WINMMBASE.dll
0x00007ff95bb50000 - 0x00007ff95bb9a000 	C:\WINDOWS\System32\cfgmgr32.dll
0x00007ff955ae0000 - 0x00007ff955aef000 	C:\Program Files\Android\Android Studio\jre\jre\bin\verify.dll
0x00007ff94bed0000 - 0x00007ff94bef9000 	C:\Program Files\Android\Android Studio\jre\jre\bin\java.dll
0x00007ff94ba20000 - 0x00007ff94ba36000 	C:\Program Files\Android\Android Studio\jre\jre\bin\zip.dll
0x00007ff95cab0000 - 0x00007ff95d195000 	C:\WINDOWS\System32\SHELL32.dll
0x00007ff95c0f0000 - 0x00007ff95c199000 	C:\WINDOWS\System32\shcore.dll
0x00007ff95b2c0000 - 0x00007ff95ba40000 	C:\WINDOWS\System32\windows.storage.dll
0x00007ff95af80000 - 0x00007ff95afa3000 	C:\WINDOWS\System32\profapi.dll
0x00007ff95af10000 - 0x00007ff95af5a000 	C:\WINDOWS\System32\powrprof.dll
0x00007ff95af00000 - 0x00007ff95af10000 	C:\WINDOWS\System32\UMPDC.dll
0x00007ff95ded0000 - 0x00007ff95df22000 	C:\WINDOWS\System32\shlwapi.dll
0x00007ff95af60000 - 0x00007ff95af71000 	C:\WINDOWS\System32\kernel.appcore.dll
0x00007ff95bed0000 - 0x00007ff95bee7000 	C:\WINDOWS\System32\cryptsp.dll
0x00007ff957420000 - 0x00007ff95743a000 	C:\Program Files\Android\Android Studio\jre\jre\bin\net.dll
0x00007ff95a710000 - 0x00007ff95a777000 	C:\WINDOWS\system32\mswsock.dll
0x00007ff955bc0000 - 0x00007ff955bd1000 	C:\Program Files\Android\Android Studio\jre\jre\bin\nio.dll
0x00007ff954370000 - 0x00007ff95438e000 	C:\Users\HARSHIT KUMAR\.gradle\native\25\windows-amd64\native-platform.dll
0x00007ff958a00000 - 0x00007ff958a0d000 	C:\Program Files\Android\Android Studio\jre\jre\bin\management.dll
0x00007ff95a280000 - 0x00007ff95a2b3000 	C:\WINDOWS\system32\rsaenh.dll
0x00007ff95c090000 - 0x00007ff95c0b6000 	C:\WINDOWS\System32\bcrypt.dll
0x00007ff95adf0000 - 0x00007ff95ae15000 	C:\WINDOWS\SYSTEM32\USERENV.dll
0x00007ff95a8e0000 - 0x00007ff95a8ec000 	C:\WINDOWS\SYSTEM32\CRYPTBASE.dll
0x00007ff95a420000 - 0x00007ff95a45a000 	C:\WINDOWS\SYSTEM32\IPHLPAPI.DLL
0x00007ff95dc50000 - 0x00007ff95dc58000 	C:\WINDOWS\System32\NSI.dll
0x00007ff94de20000 - 0x00007ff94de36000 	C:\WINDOWS\SYSTEM32\dhcpcsvc6.DLL
0x00007ff94e970000 - 0x00007ff94e98c000 	C:\WINDOWS\SYSTEM32\dhcpcsvc.DLL
0x00007ff95a460000 - 0x00007ff95a52a000 	C:\WINDOWS\SYSTEM32\DNSAPI.dll

VM Arguments:
jvm_args: -Xmx1536m -Dfile.encoding=windows-1252 -Duser.country=IN -Duser.language=en -Duser.variant 
java_command: org.gradle.launcher.daemon.bootstrap.GradleDaemon 5.1.1
java_class_path (initial): C:\Users\HARSHIT KUMAR\.gradle\wrapper\dists\gradle-5.1.1-all\97z1ksx6lirer3kbvdnh7jtjg\gradle-5.1.1\lib\gradle-launcher-5.1.1.jar
Launcher Type: SUN_STANDARD

Environment Variables:
PATH=C:\Program Files (x86)\Intel\iCLS Client\;C:\Program Files\Intel\iCLS Client\;C:\WINDOWS\system32;C:\WINDOWS;C:\WINDOWS\System32\Wbem;C:\WINDOWS\System32\WindowsPowerShell\v1.0\;C:\Program Files (x86)\Intel\Intel(R) Management Engine Components\DAL;C:\Program Files\Intel\Intel(R) Management Engine Components\DAL;C:\Program Files (x86)\Intel\Intel(R) Management Engine Components\IPT;C:\Program Files\Intel\Intel(R) Management Engine Components\IPT;C:\Program Files\Intel\WiFi\bin\;C:\Program Files\Common Files\Intel\WirelessCommon\;C:\WINDOWS\System32\OpenSSH\;C:\Users\HARSHIT KUMAR\AppData\Local\GitHubDesktop\bin;C:\Program Files\Java\jdk-14\bin;C:\sqlite;C:\Users\HARSHIT KUMAR\AppData\Local\Programs\Python\Python37\Scripts\;C:\Users\HARSHIT KUMAR\AppData\Local\Programs\Python\Python37\;C:\Users\HARSHIT KUMAR\AppData\Local\Microsoft\WindowsApps;C:\Users\HARSHIT KUMAR\AppData\Local\GitHubDesktop\bin;%USERPROFILE%\AppData\Local\Microsoft\WindowsApps;
USERNAME=HARSHIT KUMAR
OS=Windows_NT
PROCESSOR_IDENTIFIER=Intel64 Family 6 Model 142 Stepping 9, GenuineIntel



---------------  S Y S T E M  ---------------

OS: Windows 10.0 , 64 bit Build 18362 (10.0.18362.329)

CPU:total 4 (initial active 4) (2 cores per cpu, 2 threads per core) family 6 model 142 stepping 9, cmov, cx8, fxsr, mmx, sse, sse2, sse3, ssse3, sse4.1, sse4.2, popcnt, avx, avx2, aes, clmul, erms, 3dnowpref, lzcnt, ht, tsc, tscinvbit, bmi1, bmi2, adx

Memory: 4k page, physical 4078588k(407316k free), swap 16661500k(6444k free)

vm_info: OpenJDK 64-Bit Server VM (25.152-b01) for windows-amd64 JRE (1.8.0_152-release-1343-b01), built by "builder" with MS VC++ 10.0 (VS2010)

time: Thu Apr 09 12:32:14 2020
elapsed time: 7 seconds (0d 0h 0m 7s)

