#
# There is insufficient memory for the Java Runtime Environment to continue.
# Native memory allocation (malloc) failed to allocate 2145776 bytes for Chunk::new
# Possible reasons:
#   The system is out of physical RAM or swap space
#   In 32 bit mode, the process size limit was hit
# Possible solutions:
#   Reduce memory load on the system
#   Increase physical memory or swap space
#   Check if swap backing store is full
#   Use 64 bit Java on a 64 bit OS
#   Decrease Java heap size (-Xmx/-Xms)
#   Decrease number of Java threads
#   Decrease Java thread stack sizes (-Xss)
#   Set larger code cache with -XX:ReservedCodeCacheSize=
# This output file may be truncated or incomplete.
#
#  Out of Memory Error (allocation.cpp:390), pid=7296, tid=0x0000000000003bec
#
# JRE version: OpenJDK Runtime Environment (8.0_152-b01) (build 1.8.0_152-release-1343-b01)
# Java VM: OpenJDK 64-Bit Server VM (25.152-b01 mixed mode windows-amd64 compressed oops)
# Failed to write core dump. Minidumps are not enabled by default on client versions of Windows
#

---------------  T H R E A D  ---------------

Current thread (0x0000000016aee000):  JavaThread "C2 CompilerThread1" daemon [_thread_in_native, id=15340, stack(0x0000000018250000,0x0000000018350000)]

Stack: [0x0000000018250000,0x0000000018350000]
[error occurred during error reporting (printing stack bounds), id 0xc0000005]

Native frames: (J=compiled Java code, j=interpreted, Vv=VM code, C=native code)


Current CompileTask:
C2:   4146 1436   !   4       java.net.URLClassLoader$1::run (63 bytes)


---------------  P R O C E S S  ---------------

Java Threads: ( => current thread )
  0x000000001a459800 JavaThread "Cache worker for file hash cache (C:\Users\HARSHIT KUMAR\AndroidStudioProjects\InventoryApp\.gradle\5.1.1\fileHashes)" [_thread_blocked, id=13032, stack(0x000000001c870000,0x000000001c970000)]
  0x000000001a460000 JavaThread "Cache worker for journal cache (C:\Users\HARSHIT KUMAR\.gradle\caches\journal-1)" [_thread_blocked, id=7012, stack(0x000000001c570000,0x000000001c670000)]
  0x0000000019836800 JavaThread "File lock request listener" [_thread_in_native, id=12952, stack(0x000000001c470000,0x000000001c570000)]
  0x000000001a089000 JavaThread "Cache worker for file hash cache (C:\Users\HARSHIT KUMAR\.gradle\caches\5.1.1\fileHashes)" [_thread_blocked, id=9064, stack(0x000000001c370000,0x000000001c470000)]
  0x0000000019f49800 JavaThread "Thread-8" [_thread_blocked, id=1412, stack(0x000000001c270000,0x000000001c370000)]
  0x000000001a234800 JavaThread "Stdin handler" [_thread_blocked, id=2640, stack(0x000000001c170000,0x000000001c270000)]
  0x000000001a237000 JavaThread "Asynchronous log dispatcher for DefaultDaemonConnection: socket connection from /127.0.0.1:59409 to /127.0.0.1:59410" [_thread_blocked, id=5616, stack(0x000000001c070000,0x000000001c170000)]
  0x000000001a050800 JavaThread "Daemon worker" [_thread_in_native, id=2656, stack(0x000000001bd70000,0x000000001be70000)]
  0x000000001a04f800 JavaThread "Cancel handler" [_thread_blocked, id=11552, stack(0x000000001bc70000,0x000000001bd70000)]
  0x00000000198ce000 JavaThread "Handler for socket connection from /127.0.0.1:59409 to /127.0.0.1:59410" [_thread_in_native, id=5892, stack(0x000000001bb70000,0x000000001bc70000)]
  0x000000001999f000 JavaThread "Daemon" [_thread_blocked, id=14928, stack(0x000000001ba70000,0x000000001bb70000)]
  0x000000001a0fa800 JavaThread "Daemon periodic checks" [_thread_blocked, id=12684, stack(0x000000001b970000,0x000000001ba70000)]
  0x0000000019676800 JavaThread "Incoming local TCP Connector on port 59409" [_thread_in_native, id=13352, stack(0x000000001b730000,0x000000001b830000)]
  0x000000001847a800 JavaThread "Service Thread" daemon [_thread_blocked, id=1800, stack(0x0000000018850000,0x0000000018950000)]
  0x0000000016afd000 JavaThread "C1 CompilerThread2" daemon [_thread_blocked, id=4328, stack(0x0000000018350000,0x0000000018450000)]
=>0x0000000016aee000 JavaThread "C2 CompilerThread1" daemon [_thread_in_native, id=15340, stack(0x0000000018250000,0x0000000018350000)]
  0x0000000016aea800 JavaThread "C2 CompilerThread0" daemon [_thread_in_native, id=5536, stack(0x0000000018150000,0x0000000018250000)]
  0x0000000016af7000 JavaThread "Attach Listener" daemon [_thread_blocked, id=5860, stack(0x0000000018050000,0x0000000018150000)]
  0x0000000016af6000 JavaThread "Signal Dispatcher" daemon [_thread_blocked, id=11228, stack(0x0000000017f50000,0x0000000018050000)]
  0x0000000016ad9800 JavaThread "Finalizer" daemon [_thread_blocked, id=8012, stack(0x0000000017d50000,0x0000000017e50000)]
  0x0000000003071000 JavaThread "Reference Handler" daemon [_thread_blocked, id=208, stack(0x0000000017c50000,0x0000000017d50000)]
  0x000000000120e800 JavaThread "main" [_thread_blocked, id=14524, stack(0x0000000001650000,0x0000000001750000)]

Other Threads:
  0x0000000016ab6000 VMThread [stack: 0x0000000017b50000,0x0000000017c50000] [id=9712]
  0x000000001847b000 WatcherThread [stack: 0x0000000018950000,0x0000000018a50000] [id=7668]

VM state:not at safepoint (normal execution)

VM Mutex/Monitor currently owned by a thread: None

Heap:
 PSYoungGen      total 70656K, used 8797K [0x00000000e0000000, 0x00000000e4e00000, 0x0000000100000000)
  eden space 64512K, 4% used [0x00000000e0000000,0x00000000e029b128,0x00000000e3f00000)
  from space 6144K, 99% used [0x00000000e4600000,0x00000000e4bfc5d8,0x00000000e4c00000)
  to   space 7168K, 0% used [0x00000000e3f00000,0x00000000e3f00000,0x00000000e4600000)
 ParOldGen       total 44032K, used 6115K [0x00000000a0000000, 0x00000000a2b00000, 0x00000000e0000000)
  object space 44032K, 13% used [0x00000000a0000000,0x00000000a05f8e58,0x00000000a2b00000)
 Metaspace       used 16001K, capacity 16356K, committed 16640K, reserved 1062912K
  class space    used 2288K, capacity 2446K, committed 2560K, reserved 1048576K

Card table byte_map: [0x0000000012540000,0x0000000012850000] byte_map_base: 0x0000000012040000

Marking Bits: (ParMarkBitMap*) 0x0000000062425aa0
 Begin Bits: [0x0000000012e50000, 0x0000000014650000)
 End Bits:   [0x0000000014650000, 0x0000000015e50000)

Polling page: 0x00000000011f0000

CodeCache: size=245760Kb used=5218Kb max_used=5218Kb free=240541Kb
 bounds [0x0000000003180000, 0x00000000036a0000, 0x0000000012180000]
 total_blobs=1896 nmethods=1509 adapters=300
 compilation: enabled

Compilation events (10 events):
Event: 3.644 Thread 0x0000000016afd000 1509       3       org.gradle.internal.service.DefaultServiceRegistry::serviceRequested (42 bytes)
Event: 3.646 Thread 0x0000000016afd000 nmethod 1509 0x00000000036945d0 code [0x0000000003694840, 0x0000000003695a68]
Event: 3.659 Thread 0x0000000016afd000 1510       3       org.gradle.internal.service.DefaultServiceRegistry$SingletonService::getService (18 bytes)
Event: 3.660 Thread 0x0000000016afd000 nmethod 1510 0x0000000003696450 code [0x00000000036965e0, 0x0000000003696858]
Event: 3.945 Thread 0x0000000016afd000 1511       3       sun.misc.ProxyGenerator::codeLocalLoadStore (90 bytes)
Event: 3.946 Thread 0x0000000016afd000 nmethod 1511 0x0000000003696d50 code [0x0000000003696fa0, 0x00000000036980c8]
Event: 3.949 Thread 0x0000000016afd000 1512       3       sun.misc.ProxyGenerator$ConstantPool::getMethodRef (33 bytes)
Event: 3.950 Thread 0x0000000016afd000 nmethod 1512 0x0000000003698750 code [0x00000000036989e0, 0x0000000003699788]
Event: 3.957 Thread 0x0000000016afd000 1513       3       sun.misc.ProxyGenerator::access$900 (5 bytes)
Event: 3.957 Thread 0x0000000016afd000 nmethod 1513 0x000000000369a290 code [0x000000000369a400, 0x000000000369a668]

GC Heap History (10 events):
Event: 0.944 GC heap before
{Heap before GC invocations=2 (full 0):
 PSYoungGen      total 18944K, used 18930K [0x00000000e0000000, 0x00000000e1500000, 0x0000000100000000)
  eden space 16384K, 100% used [0x00000000e0000000,0x00000000e1000000,0x00000000e1000000)
  from space 2560K, 99% used [0x00000000e1000000,0x00000000e127ca18,0x00000000e1280000)
  to   space 2560K, 0% used [0x00000000e1280000,0x00000000e1280000,0x00000000e1500000)
 ParOldGen       total 44032K, used 209K [0x00000000a0000000, 0x00000000a2b00000, 0x00000000e0000000)
  object space 44032K, 0% used [0x00000000a0000000,0x00000000a00344a8,0x00000000a2b00000)
 Metaspace       used 6945K, capacity 7102K, committed 7424K, reserved 1056768K
  class space    used 843K, capacity 907K, committed 1024K, reserved 1048576K
Event: 0.948 GC heap after
Heap after GC invocations=2 (full 0):
 PSYoungGen      total 18944K, used 2544K [0x00000000e0000000, 0x00000000e1500000, 0x0000000100000000)
  eden space 16384K, 0% used [0x00000000e0000000,0x00000000e0000000,0x00000000e1000000)
  from space 2560K, 99% used [0x00000000e1280000,0x00000000e14fc010,0x00000000e1500000)
  to   space 2560K, 0% used [0x00000000e1000000,0x00000000e1000000,0x00000000e1280000)
 ParOldGen       total 44032K, used 563K [0x00000000a0000000, 0x00000000a2b00000, 0x00000000e0000000)
  object space 44032K, 1% used [0x00000000a0000000,0x00000000a008cd00,0x00000000a2b00000)
 Metaspace       used 6945K, capacity 7102K, committed 7424K, reserved 1056768K
  class space    used 843K, capacity 907K, committed 1024K, reserved 1048576K
}
Event: 1.208 GC heap before
{Heap before GC invocations=3 (full 0):
 PSYoungGen      total 18944K, used 18928K [0x00000000e0000000, 0x00000000e1500000, 0x0000000100000000)
  eden space 16384K, 100% used [0x00000000e0000000,0x00000000e1000000,0x00000000e1000000)
  from space 2560K, 99% used [0x00000000e1280000,0x00000000e14fc010,0x00000000e1500000)
  to   space 2560K, 0% used [0x00000000e1000000,0x00000000e1000000,0x00000000e1280000)
 ParOldGen       total 44032K, used 563K [0x00000000a0000000, 0x00000000a2b00000, 0x00000000e0000000)
  object space 44032K, 1% used [0x00000000a0000000,0x00000000a008cd00,0x00000000a2b00000)
 Metaspace       used 7100K, capacity 7280K, committed 7424K, reserved 1056768K
  class space    used 861K, capacity 945K, committed 1024K, reserved 1048576K
Event: 1.214 GC heap after
Heap after GC invocations=3 (full 0):
 PSYoungGen      total 18944K, used 2556K [0x00000000e0000000, 0x00000000e2500000, 0x0000000100000000)
  eden space 16384K, 0% used [0x00000000e0000000,0x00000000e0000000,0x00000000e1000000)
  from space 2560K, 99% used [0x00000000e1000000,0x00000000e127f290,0x00000000e1280000)
  to   space 2560K, 0% used [0x00000000e2280000,0x00000000e2280000,0x00000000e2500000)
 ParOldGen       total 44032K, used 797K [0x00000000a0000000, 0x00000000a2b00000, 0x00000000e0000000)
  object space 44032K, 1% used [0x00000000a0000000,0x00000000a00c7650,0x00000000a2b00000)
 Metaspace       used 7100K, capacity 7280K, committed 7424K, reserved 1056768K
  class space    used 861K, capacity 945K, committed 1024K, reserved 1048576K
}
Event: 1.470 GC heap before
{Heap before GC invocations=4 (full 0):
 PSYoungGen      total 18944K, used 18940K [0x00000000e0000000, 0x00000000e2500000, 0x0000000100000000)
  eden space 16384K, 100% used [0x00000000e0000000,0x00000000e1000000,0x00000000e1000000)
  from space 2560K, 99% used [0x00000000e1000000,0x00000000e127f290,0x00000000e1280000)
  to   space 2560K, 0% used [0x00000000e2280000,0x00000000e2280000,0x00000000e2500000)
 ParOldGen       total 44032K, used 797K [0x00000000a0000000, 0x00000000a2b00000, 0x00000000e0000000)
  object space 44032K, 1% used [0x00000000a0000000,0x00000000a00c7650,0x00000000a2b00000)
 Metaspace       used 8302K, capacity 8472K, committed 8576K, reserved 1056768K
  class space    used 1059K, capacity 1108K, committed 1152K, reserved 1048576K
Event: 1.475 GC heap after
Heap after GC invocations=4 (full 0):
 PSYoungGen      total 35328K, used 2560K [0x00000000e0000000, 0x00000000e2500000, 0x0000000100000000)
  eden space 32768K, 0% used [0x00000000e0000000,0x00000000e0000000,0x00000000e2000000)
  from space 2560K, 100% used [0x00000000e2280000,0x00000000e2500000,0x00000000e2500000)
  to   space 2560K, 0% used [0x00000000e2000000,0x00000000e2000000,0x00000000e2280000)
 ParOldGen       total 44032K, used 1891K [0x00000000a0000000, 0x00000000a2b00000, 0x00000000e0000000)
  object space 44032K, 4% used [0x00000000a0000000,0x00000000a01d8d88,0x00000000a2b00000)
 Metaspace       used 8302K, capacity 8472K, committed 8576K, reserved 1056768K
  class space    used 1059K, capacity 1108K, committed 1152K, reserved 1048576K
}
Event: 3.078 GC heap before
{Heap before GC invocations=5 (full 0):
 PSYoungGen      total 35328K, used 35328K [0x00000000e0000000, 0x00000000e2500000, 0x0000000100000000)
  eden space 32768K, 100% used [0x00000000e0000000,0x00000000e2000000,0x00000000e2000000)
  from space 2560K, 100% used [0x00000000e2280000,0x00000000e2500000,0x00000000e2500000)
  to   space 2560K, 0% used [0x00000000e2000000,0x00000000e2000000,0x00000000e2280000)
 ParOldGen       total 44032K, used 1891K [0x00000000a0000000, 0x00000000a2b00000, 0x00000000e0000000)
  object space 44032K, 4% used [0x00000000a0000000,0x00000000a01d8d88,0x00000000a2b00000)
 Metaspace       used 13020K, capacity 13300K, committed 13440K, reserved 1060864K
  class space    used 1786K, capacity 1892K, committed 1920K, reserved 1048576K
Event: 3.090 GC heap after
Heap after GC invocations=5 (full 0):
 PSYoungGen      total 35328K, used 2544K [0x00000000e0000000, 0x00000000e4c00000, 0x0000000100000000)
  eden space 32768K, 0% used [0x00000000e0000000,0x00000000e0000000,0x00000000e2000000)
  from space 2560K, 99% used [0x00000000e2000000,0x00000000e227c030,0x00000000e2280000)
  to   space 6144K, 0% used [0x00000000e4600000,0x00000000e4600000,0x00000000e4c00000)
 ParOldGen       total 44032K, used 5793K [0x00000000a0000000, 0x00000000a2b00000, 0x00000000e0000000)
  object space 44032K, 13% used [0x00000000a0000000,0x00000000a05a8790,0x00000000a2b00000)
 Metaspace       used 13020K, capacity 13300K, committed 13440K, reserved 1060864K
  class space    used 1786K, capacity 1892K, committed 1920K, reserved 1048576K
}
Event: 3.698 GC heap before
{Heap before GC invocations=6 (full 0):
 PSYoungGen      total 35328K, used 35312K [0x00000000e0000000, 0x00000000e4c00000, 0x0000000100000000)
  eden space 32768K, 100% used [0x00000000e0000000,0x00000000e2000000,0x00000000e2000000)
  from space 2560K, 99% used [0x00000000e2000000,0x00000000e227c030,0x00000000e2280000)
  to   space 6144K, 0% used [0x00000000e4600000,0x00000000e4600000,0x00000000e4c00000)
 ParOldGen       total 44032K, used 5793K [0x00000000a0000000, 0x00000000a2b00000, 0x00000000e0000000)
  object space 44032K, 13% used [0x00000000a0000000,0x00000000a05a8790,0x00000000a2b00000)
 Metaspace       used 15702K, capacity 16068K, committed 16256K, reserved 1062912K
  class space    used 2240K, capacity 2414K, committed 2432K, reserved 1048576K
Event: 3.730 GC heap after
Heap after GC invocations=6 (full 0):
 PSYoungGen      total 70656K, used 6129K [0x00000000e0000000, 0x00000000e4e00000, 0x0000000100000000)
  eden space 64512K, 0% used [0x00000000e0000000,0x00000000e0000000,0x00000000e3f00000)
  from space 6144K, 99% used [0x00000000e4600000,0x00000000e4bfc5d8,0x00000000e4c00000)
  to   space 7168K, 0% used [0x00000000e3f00000,0x00000000e3f00000,0x00000000e4600000)
 ParOldGen       total 44032K, used 6115K [0x00000000a0000000, 0x00000000a2b00000, 0x00000000e0000000)
  object space 44032K, 13% used [0x00000000a0000000,0x00000000a05f8e58,0x00000000a2b00000)
 Metaspace       used 15702K, capacity 16068K, committed 16256K, reserved 1062912K
  class space    used 2240K, capacity 2414K, committed 2432K, reserved 1048576K
}

Deoptimization events (10 events):
Event: 2.706 Thread 0x00000000198ce000 Uncommon trap: reason=unstable_if action=reinterpret pc=0x0000000003556770 method=java.util.concurrent.ConcurrentHashMap.putVal(Ljava/lang/Object;Ljava/lang/Object;Z)Ljava/lang/Object; @ 206
Event: 2.773 Thread 0x000000001a050800 Uncommon trap: reason=bimorphic action=maybe_recompile pc=0x0000000003442fa8 method=java.util.HashMap.putVal(ILjava/lang/Object;Ljava/lang/Object;ZZ)Ljava/lang/Object; @ 253
Event: 2.773 Thread 0x000000001a050800 Uncommon trap: reason=bimorphic action=maybe_recompile pc=0x0000000003442fa8 method=java.util.HashMap.putVal(ILjava/lang/Object;Ljava/lang/Object;ZZ)Ljava/lang/Object; @ 253
Event: 2.774 Thread 0x000000001a050800 Uncommon trap: reason=bimorphic action=maybe_recompile pc=0x0000000003442fa8 method=java.util.HashMap.putVal(ILjava/lang/Object;Ljava/lang/Object;ZZ)Ljava/lang/Object; @ 253
Event: 2.774 Thread 0x000000001a050800 Uncommon trap: reason=bimorphic action=maybe_recompile pc=0x000000000344b05c method=java.util.HashMap.putVal(ILjava/lang/Object;Ljava/lang/Object;ZZ)Ljava/lang/Object; @ 253
Event: 3.101 Thread 0x000000001a050800 Uncommon trap: reason=class_check action=maybe_recompile pc=0x0000000003469618 method=java.util.regex.Matcher.match(II)Z @ 86
Event: 3.130 Thread 0x000000001a050800 Uncommon trap: reason=class_check action=maybe_recompile pc=0x0000000003469618 method=java.util.regex.Matcher.match(II)Z @ 86
Event: 3.130 Thread 0x000000001a050800 Uncommon trap: reason=class_check action=maybe_recompile pc=0x0000000003469618 method=java.util.regex.Matcher.match(II)Z @ 86
Event: 3.131 Thread 0x000000001a050800 Uncommon trap: reason=class_check action=maybe_recompile pc=0x000000000341eadc method=java.util.regex.Matcher.match(II)Z @ 86
Event: 3.502 Thread 0x000000001a050800 Uncommon trap: reason=unstable_if action=reinterpret pc=0x000000000358ae34 method=java.lang.String.lastIndexOf([CII[CIII)I @ 66

Classes redefined (0 events):
No events

Internal exceptions (10 events):
Event: 1.561 Thread 0x000000000120e800 Exception <a 'java/lang/NoSuchFieldError': method resolution failed> (0x00000000e024e678) thrown at [D:\src\AOSP-openjdk-cygwin\jdk8u\hotspot\src\share\vm\prims\methodHandles.cpp, line 1167]
Event: 1.564 Thread 0x000000000120e800 Exception <a 'java/lang/NoSuchFieldError': method resolution failed> (0x00000000e025c478) thrown at [D:\src\AOSP-openjdk-cygwin\jdk8u\hotspot\src\share\vm\prims\methodHandles.cpp, line 1167]
Event: 2.656 Thread 0x000000000120e800 Exception <a 'java/io/IOException'> (0x00000000e09d8d58) thrown at [D:\src\AOSP-openjdk-cygwin\jdk8u\hotspot\src\share\vm\prims\jni.cpp, line 709]
Event: 2.707 Thread 0x00000000198ce000 Exception <a 'java/lang/NoSuchMethodError': <clinit>> (0x00000000e0c04b90) thrown at [D:\src\AOSP-openjdk-cygwin\jdk8u\hotspot\src\share\vm\prims\jni.cpp, line 1613]
Event: 2.710 Thread 0x00000000198ce000 Exception <a 'java/lang/NoSuchMethodError': <clinit>> (0x00000000e0c0e790) thrown at [D:\src\AOSP-openjdk-cygwin\jdk8u\hotspot\src\share\vm\prims\jni.cpp, line 1613]
Event: 2.712 Thread 0x00000000198ce000 Exception <a 'java/lang/NoSuchMethodError': <clinit>> (0x00000000e0c22880) thrown at [D:\src\AOSP-openjdk-cygwin\jdk8u\hotspot\src\share\vm\prims\jni.cpp, line 1613]
Event: 2.721 Thread 0x00000000198ce000 Exception <a 'java/lang/NoSuchMethodError': <clinit>> (0x00000000e0c7da40) thrown at [D:\src\AOSP-openjdk-cygwin\jdk8u\hotspot\src\share\vm\prims\jni.cpp, line 1613]
Event: 2.728 Thread 0x00000000198ce000 Exception <a 'java/lang/NoSuchMethodError': <clinit>> (0x00000000e0cb4bd0) thrown at [D:\src\AOSP-openjdk-cygwin\jdk8u\hotspot\src\share\vm\prims\jni.cpp, line 1613]
Event: 2.734 Thread 0x00000000198ce000 Exception <a 'java/lang/NoSuchMethodError': <clinit>> (0x00000000e0cea4e0) thrown at [D:\src\AOSP-openjdk-cygwin\jdk8u\hotspot\src\share\vm\prims\jni.cpp, line 1613]
Event: 2.735 Thread 0x00000000198ce000 Exception <a 'java/lang/NoSuchMethodError': <clinit>> (0x00000000e0cf5880) thrown at [D:\src\AOSP-openjdk-cygwin\jdk8u\hotspot\src\share\vm\prims\jni.cpp, line 1613]

Events (10 events):
Event: 4.057 loading class com/google/common/collect/AbstractMapBasedMultimap$WrappedCollection$WrappedIterator
Event: 4.057 loading class com/google/common/collect/AbstractMapBasedMultimap$WrappedCollection$WrappedIterator done
Event: 4.059 loading class com/google/common/collect/LinkedHashMultimap$ValueSet$1
Event: 4.059 loading class com/google/common/collect/LinkedHashMultimap$ValueSet$1 done
Event: 4.061 loading class org/gradle/api/internal/AsmBackedClassGenerator$ClassBuilderImpl
Event: 4.061 loading class org/gradle/api/internal/AsmBackedClassGenerator$ClassBuilderImpl done
Event: 4.074 loading class org/gradle/api/internal/AsmBackedClassGenerator$MethodCodeBody
Event: 4.074 loading class org/gradle/api/internal/AsmBackedClassGenerator$MethodCodeBody done
Event: 4.077 loading class org/gradle/api/internal/ConventionMapping
Event: 4.077 loading class org/gradle/api/internal/ConventionMapping done


Dynamic libraries:
0x00007ff7e4a20000 - 0x00007ff7e4a51000 	C:\Program Files\Android\Android Studio\jre\bin\java.exe
0x00007ff95e040000 - 0x00007ff95e230000 	C:\WINDOWS\SYSTEM32\ntdll.dll
0x00007ff95dc60000 - 0x00007ff95dd12000 	C:\WINDOWS\System32\KERNEL32.DLL
0x00007ff95bc20000 - 0x00007ff95bec3000 	C:\WINDOWS\System32\KERNELBASE.dll
0x00007ff95dba0000 - 0x00007ff95dc43000 	C:\WINDOWS\System32\ADVAPI32.dll
0x00007ff95c5a0000 - 0x00007ff95c63e000 	C:\WINDOWS\System32\msvcrt.dll
0x00007ff95c500000 - 0x00007ff95c597000 	C:\WINDOWS\System32\sechost.dll
0x00007ff95d880000 - 0x00007ff95d9a0000 	C:\WINDOWS\System32\RPCRT4.dll
0x00007ff95d510000 - 0x00007ff95d6a4000 	C:\WINDOWS\System32\USER32.dll
0x00007ff95c0c0000 - 0x00007ff95c0e1000 	C:\WINDOWS\System32\win32u.dll
0x00007ff95d730000 - 0x00007ff95d756000 	C:\WINDOWS\System32\GDI32.dll
0x00007ff95bef0000 - 0x00007ff95c084000 	C:\WINDOWS\System32\gdi32full.dll
0x00007ff95b220000 - 0x00007ff95b2be000 	C:\WINDOWS\System32\msvcp_win.dll
0x00007ff95afd0000 - 0x00007ff95b0ca000 	C:\WINDOWS\System32\ucrtbase.dll
0x00007ff943bc0000 - 0x00007ff943e45000 	C:\WINDOWS\WinSxS\amd64_microsoft.windows.common-controls_6595b64144ccf1df_6.0.18362.720_none_e6beb5c51314836b\COMCTL32.dll
0x00007ff95d1c0000 - 0x00007ff95d4f6000 	C:\WINDOWS\System32\combase.dll
0x00007ff95bba0000 - 0x00007ff95bc20000 	C:\WINDOWS\System32\bcryptPrimitives.dll
0x00007ff95d9a0000 - 0x00007ff95d9ce000 	C:\WINDOWS\System32\IMM32.DLL
0x00000000617e0000 - 0x00000000618b2000 	C:\Program Files\Android\Android Studio\jre\jre\bin\msvcr100.dll
0x0000000061c60000 - 0x00000000624a1000 	C:\Program Files\Android\Android Studio\jre\jre\bin\server\jvm.dll
0x00007ff95d760000 - 0x00007ff95d768000 	C:\WINDOWS\System32\PSAPI.DLL
0x00007ff9589b0000 - 0x00007ff9589d4000 	C:\WINDOWS\SYSTEM32\WINMM.dll
0x00007ff9522b0000 - 0x00007ff9522ba000 	C:\WINDOWS\SYSTEM32\VERSION.dll
0x00007ff946f90000 - 0x00007ff946f99000 	C:\WINDOWS\SYSTEM32\WSOCK32.dll
0x00007ff95de60000 - 0x00007ff95decf000 	C:\WINDOWS\System32\WS2_32.dll
0x00007ff958980000 - 0x00007ff9589ad000 	C:\WINDOWS\SYSTEM32\WINMMBASE.dll
0x00007ff95bb50000 - 0x00007ff95bb9a000 	C:\WINDOWS\System32\cfgmgr32.dll
0x00007ff955ae0000 - 0x00007ff955aef000 	C:\Program Files\Android\Android Studio\jre\jre\bin\verify.dll
0x00007ff94bed0000 - 0x00007ff94bef9000 	C:\Program Files\Android\Android Studio\jre\jre\bin\java.dll
0x00007ff94ba20000 - 0x00007ff94ba36000 	C:\Program Files\Android\Android Studio\jre\jre\bin\zip.dll
0x00007ff95cab0000 - 0x00007ff95d195000 	C:\WINDOWS\System32\SHELL32.dll
0x00007ff95c0f0000 - 0x00007ff95c199000 	C:\WINDOWS\System32\shcore.dll
0x00007ff95b2c0000 - 0x00007ff95ba40000 	C:\WINDOWS\System32\windows.storage.dll
0x00007ff95af80000 - 0x00007ff95afa3000 	C:\WINDOWS\System32\profapi.dll
0x00007ff95af10000 - 0x00007ff95af5a000 	C:\WINDOWS\System32\powrprof.dll
0x00007ff95af00000 - 0x00007ff95af10000 	C:\WINDOWS\System32\UMPDC.dll
0x00007ff95ded0000 - 0x00007ff95df22000 	C:\WINDOWS\System32\shlwapi.dll
0x00007ff95af60000 - 0x00007ff95af71000 	C:\WINDOWS\System32\kernel.appcore.dll
0x00007ff95bed0000 - 0x00007ff95bee7000 	C:\WINDOWS\System32\cryptsp.dll
0x00007ff957420000 - 0x00007ff95743a000 	C:\Program Files\Android\Android Studio\jre\jre\bin\net.dll
0x00007ff95a710000 - 0x00007ff95a777000 	C:\WINDOWS\system32\mswsock.dll
0x00007ff955bc0000 - 0x00007ff955bd1000 	C:\Program Files\Android\Android Studio\jre\jre\bin\nio.dll
0x00007ff954370000 - 0x00007ff95438e000 	C:\Users\HARSHIT KUMAR\.gradle\native\25\windows-amd64\native-platform.dll
0x00007ff958a00000 - 0x00007ff958a0d000 	C:\Program Files\Android\Android Studio\jre\jre\bin\management.dll
0x00007ff95a280000 - 0x00007ff95a2b3000 	C:\WINDOWS\system32\rsaenh.dll
0x00007ff95c090000 - 0x00007ff95c0b6000 	C:\WINDOWS\System32\bcrypt.dll
0x00007ff95adf0000 - 0x00007ff95ae15000 	C:\WINDOWS\SYSTEM32\USERENV.dll
0x00007ff95a8e0000 - 0x00007ff95a8ec000 	C:\WINDOWS\SYSTEM32\CRYPTBASE.dll
0x00007ff95a420000 - 0x00007ff95a45a000 	C:\WINDOWS\SYSTEM32\IPHLPAPI.DLL
0x00007ff95dc50000 - 0x00007ff95dc58000 	C:\WINDOWS\System32\NSI.dll
0x00007ff94de20000 - 0x00007ff94de36000 	C:\WINDOWS\SYSTEM32\dhcpcsvc6.DLL
0x00007ff94e970000 - 0x00007ff94e98c000 	C:\WINDOWS\SYSTEM32\dhcpcsvc.DLL
0x00007ff95a460000 - 0x00007ff95a52a000 	C:\WINDOWS\SYSTEM32\DNSAPI.dll

VM Arguments:
jvm_args: -Xmx1536m -Dfile.encoding=windows-1252 -Duser.country=IN -Duser.language=en -Duser.variant 
java_command: org.gradle.launcher.daemon.bootstrap.GradleDaemon 5.1.1
java_class_path (initial): C:\Users\HARSHIT KUMAR\.gradle\wrapper\dists\gradle-5.1.1-all\97z1ksx6lirer3kbvdnh7jtjg\gradle-5.1.1\lib\gradle-launcher-5.1.1.jar
Launcher Type: SUN_STANDARD

Environment Variables:
PATH=C:\Program Files (x86)\Intel\iCLS Client\;C:\Program Files\Intel\iCLS Client\;C:\WINDOWS\system32;C:\WINDOWS;C:\WINDOWS\System32\Wbem;C:\WINDOWS\System32\WindowsPowerShell\v1.0\;C:\Program Files (x86)\Intel\Intel(R) Management Engine Components\DAL;C:\Program Files\Intel\Intel(R) Management Engine Components\DAL;C:\Program Files (x86)\Intel\Intel(R) Management Engine Components\IPT;C:\Program Files\Intel\Intel(R) Management Engine Components\IPT;C:\Program Files\Intel\WiFi\bin\;C:\Program Files\Common Files\Intel\WirelessCommon\;C:\WINDOWS\System32\OpenSSH\;C:\Users\HARSHIT KUMAR\AppData\Local\GitHubDesktop\bin;C:\Program Files\Java\jdk-14\bin;C:\sqlite;C:\Users\HARSHIT KUMAR\AppData\Local\Programs\Python\Python37\Scripts\;C:\Users\HARSHIT KUMAR\AppData\Local\Programs\Python\Python37\;C:\Users\HARSHIT KUMAR\AppData\Local\Microsoft\WindowsApps;C:\Users\HARSHIT KUMAR\AppData\Local\GitHubDesktop\bin;%USERPROFILE%\AppData\Local\Microsoft\WindowsApps;
USERNAME=HARSHIT KUMAR
OS=Windows_NT
PROCESSOR_IDENTIFIER=Intel64 Family 6 Model 142 Stepping 9, GenuineIntel



---------------  S Y S T E M  ---------------

OS: Windows 10.0 , 64 bit Build 18362 (10.0.18362.329)

CPU:total 4 (initial active 4) (2 cores per cpu, 2 threads per core) family 6 model 142 stepping 9, cmov, cx8, fxsr, mmx, sse, sse2, sse3, ssse3, sse4.1, sse4.2, popcnt, avx, avx2, aes, clmul, erms, 3dnowpref, lzcnt, ht, tsc, tscinvbit, bmi1, bmi2, adx

Memory: 4k page, physical 4078588k(362680k free), swap 16661500k(5976k free)

vm_info: OpenJDK 64-Bit Server VM (25.152-b01) for windows-amd64 JRE (1.8.0_152-release-1343-b01), built by "builder" with MS VC++ 10.0 (VS2010)

time: Thu Apr 09 12:46:49 2020
elapsed time: 4 seconds (0d 0h 0m 4s)

