#
# There is insufficient memory for the Java Runtime Environment to continue.
# Native memory allocation (malloc) failed to allocate 1522656 bytes for Chunk::new
# Possible reasons:
#   The system is out of physical RAM or swap space
#   In 32 bit mode, the process size limit was hit
# Possible solutions:
#   Reduce memory load on the system
#   Increase physical memory or swap space
#   Check if swap backing store is full
#   Use 64 bit Java on a 64 bit OS
#   Decrease Java heap size (-Xmx/-Xms)
#   Decrease number of Java threads
#   Decrease Java thread stack sizes (-Xss)
#   Set larger code cache with -XX:ReservedCodeCacheSize=
# This output file may be truncated or incomplete.
#
#  Out of Memory Error (allocation.cpp:390), pid=7176, tid=0x00000000000036e0
#
# JRE version: OpenJDK Runtime Environment (8.0_152-b01) (build 1.8.0_152-release-1343-b01)
# Java VM: OpenJDK 64-Bit Server VM (25.152-b01 mixed mode windows-amd64 compressed oops)
# Failed to write core dump. Minidumps are not enabled by default on client versions of Windows
#

---------------  T H R E A D  ---------------

Current thread (0x000000001691b000):  JavaThread "C2 CompilerThread0" daemon [_thread_in_native, id=14048, stack(0x0000000018070000,0x0000000018170000)]

Stack: [0x0000000018070000,0x0000000018170000]
[error occurred during error reporting (printing stack bounds), id 0xc0000005]

Native frames: (J=compiled Java code, j=interpreted, Vv=VM code, C=native code)


Current CompileTask:
C2:  20486 2114       4       java.net.URLClassLoader$1::run (5 bytes)


---------------  P R O C E S S  ---------------

Java Threads: ( => current thread )
  0x00000000194f6800 JavaThread "Cache worker for file hash cache (C:\Users\HARSHIT KUMAR\AndroidStudioProjects\InventoryApp\.gradle\5.1.1\fileHashes)" [_thread_blocked, id=8472, stack(0x000000001ecd0000,0x000000001edd0000)]
  0x00000000194f3800 JavaThread "Cache worker for journal cache (C:\Users\HARSHIT KUMAR\.gradle\caches\journal-1)" [_thread_blocked, id=14944, stack(0x000000001c4c0000,0x000000001c5c0000)]
  0x000000001852e000 JavaThread "File lock request listener" [_thread_in_native, id=14732, stack(0x000000001c3c0000,0x000000001c4c0000)]
  0x000000001a401800 JavaThread "Cache worker for file hash cache (C:\Users\HARSHIT KUMAR\.gradle\caches\5.1.1\fileHashes)" [_thread_blocked, id=6904, stack(0x000000001c2c0000,0x000000001c3c0000)]
  0x0000000019163800 JavaThread "Thread-8" [_thread_blocked, id=11064, stack(0x000000001c1c0000,0x000000001c2c0000)]
  0x0000000019162800 JavaThread "Stdin handler" [_thread_blocked, id=14740, stack(0x000000001c0c0000,0x000000001c1c0000)]
  0x00000000195c5000 JavaThread "Asynchronous log dispatcher for DefaultDaemonConnection: socket connection from /127.0.0.1:59338 to /127.0.0.1:59339" [_thread_blocked, id=7688, stack(0x000000001bfc0000,0x000000001c0c0000)]
  0x00000000195c3000 JavaThread "Daemon worker" [_thread_in_native, id=5756, stack(0x000000001bec0000,0x000000001bfc0000)]
  0x00000000195c2800 JavaThread "Cancel handler" [_thread_blocked, id=15036, stack(0x000000001bdc0000,0x000000001bec0000)]
  0x0000000019cae000 JavaThread "Handler for socket connection from /127.0.0.1:59338 to /127.0.0.1:59339" [_thread_in_native, id=11036, stack(0x000000001bac0000,0x000000001bbc0000)]
  0x0000000019cad800 JavaThread "Daemon" [_thread_blocked, id=5556, stack(0x000000001b9c0000,0x000000001bac0000)]
  0x0000000019bf5000 JavaThread "Daemon periodic checks" [_thread_blocked, id=12656, stack(0x000000001b8c0000,0x000000001b9c0000)]
  0x0000000019d2c800 JavaThread "Incoming local TCP Connector on port 59338" [_thread_in_native, id=5424, stack(0x000000001a140000,0x000000001a240000)]
  0x00000000183a0800 JavaThread "Service Thread" daemon [_thread_blocked, id=13024, stack(0x0000000018770000,0x0000000018870000)]
  0x0000000016930000 JavaThread "C1 CompilerThread2" daemon [_thread_blocked, id=12384, stack(0x0000000018270000,0x0000000018370000)]
  0x000000001691f000 JavaThread "C2 CompilerThread1" daemon [_thread_blocked, id=13828, stack(0x0000000018170000,0x0000000018270000)]
=>0x000000001691b000 JavaThread "C2 CompilerThread0" daemon [_thread_in_native, id=14048, stack(0x0000000018070000,0x0000000018170000)]
  0x0000000016927000 JavaThread "Attach Listener" daemon [_thread_blocked, id=4000, stack(0x0000000017f70000,0x0000000018070000)]
  0x0000000016926000 JavaThread "Signal Dispatcher" daemon [_thread_blocked, id=11584, stack(0x0000000017e70000,0x0000000017f70000)]
  0x0000000002fab800 JavaThread "Finalizer" daemon [_thread_blocked, id=8660, stack(0x0000000017b70000,0x0000000017c70000)]
  0x0000000002fa0000 JavaThread "Reference Handler" daemon [_thread_blocked, id=12220, stack(0x0000000017a70000,0x0000000017b70000)]
  0x0000000002eae800 JavaThread "main" [_thread_blocked, id=2672, stack(0x0000000002cd0000,0x0000000002dd0000)]

Other Threads:
  0x00000000168e6000 VMThread [stack: 0x0000000017970000,0x0000000017a70000] [id=12032]
  0x000000001697d800 WatcherThread [stack: 0x0000000018870000,0x0000000018970000] [id=9252]

VM state:not at safepoint (normal execution)

VM Mutex/Monitor currently owned by a thread: None

Heap:
 PSYoungGen      total 58880K, used 16241K [0x00000000e0000000, 0x00000000e5500000, 0x0000000100000000)
  eden space 52736K, 19% used [0x00000000e0000000,0x00000000e09dedb0,0x00000000e3380000)
  from space 6144K, 99% used [0x00000000e3380000,0x00000000e397d890,0x00000000e3980000)
  to   space 6656K, 0% used [0x00000000e4e80000,0x00000000e4e80000,0x00000000e5500000)
 ParOldGen       total 31744K, used 8547K [0x00000000a0000000, 0x00000000a1f00000, 0x00000000e0000000)
  object space 31744K, 26% used [0x00000000a0000000,0x00000000a0858c38,0x00000000a1f00000)
 Metaspace       used 28541K, capacity 29020K, committed 29184K, reserved 1075200K
  class space    used 3840K, capacity 4031K, committed 4096K, reserved 1048576K

Card table byte_map: [0x0000000012370000,0x0000000012680000] byte_map_base: 0x0000000011e70000

Marking Bits: (ParMarkBitMap*) 0x0000000062425aa0
 Begin Bits: [0x0000000012c80000, 0x0000000014480000)
 End Bits:   [0x0000000014480000, 0x0000000015c80000)

Polling page: 0x0000000001150000

CodeCache: size=245760Kb used=7722Kb max_used=7728Kb free=238037Kb
 bounds [0x0000000002fb0000, 0x0000000003750000, 0x0000000011fb0000]
 total_blobs=2689 nmethods=2023 adapters=579
 compilation: enabled

Compilation events (10 events):
Event: 20.452 Thread 0x0000000016930000 2189       3       java.lang.Integer::numberOfLeadingZeros (76 bytes)
Event: 20.453 Thread 0x0000000016930000 nmethod 2189 0x0000000003742950 code [0x0000000003742ac0, 0x0000000003742d70]
Event: 20.453 Thread 0x0000000016930000 2190       3       java.util.regex.Pattern$LastNode::match (45 bytes)
Event: 20.453 Thread 0x0000000016930000 nmethod 2190 0x0000000003742490 code [0x0000000003742600, 0x0000000003742830]
Event: 20.453 Thread 0x0000000016930000 2191       1       java.util.Formatter::access$000 (5 bytes)
Event: 20.453 Thread 0x0000000016930000 nmethod 2191 0x00000000037421d0 code [0x0000000003742320, 0x0000000003742410]
Event: 20.453 Thread 0x0000000016930000 2192       1       java.util.Calendar::getZone (5 bytes)
Event: 20.453 Thread 0x0000000016930000 nmethod 2192 0x0000000003741f10 code [0x0000000003742060, 0x0000000003742170]
Event: 20.470 Thread 0x0000000016930000 2193       3       java.io.File::getName (42 bytes)
Event: 20.471 Thread 0x0000000016930000 nmethod 2193 0x0000000003741710 code [0x00000000037418a0, 0x0000000003741d68]

GC Heap History (10 events):
Event: 14.463 GC heap before
{Heap before GC invocations=8 (full 0):
 PSYoungGen      total 21504K, used 20203K [0x00000000e0000000, 0x00000000e2a00000, 0x0000000100000000)
  eden space 16384K, 100% used [0x00000000e0000000,0x00000000e1000000,0x00000000e1000000)
  from space 5120K, 74% used [0x00000000e1000000,0x00000000e13baf38,0x00000000e1500000)
  to   space 5120K, 0% used [0x00000000e2500000,0x00000000e2500000,0x00000000e2a00000)
 ParOldGen       total 44032K, used 5423K [0x00000000a0000000, 0x00000000a2b00000, 0x00000000e0000000)
  object space 44032K, 12% used [0x00000000a0000000,0x00000000a054be28,0x00000000a2b00000)
 Metaspace       used 15865K, capacity 16192K, committed 16256K, reserved 1062912K
  class space    used 2262K, capacity 2424K, committed 2432K, reserved 1048576K
Event: 14.479 GC heap after
Heap after GC invocations=8 (full 0):
 PSYoungGen      total 37888K, used 3687K [0x00000000e0000000, 0x00000000e2a00000, 0x0000000100000000)
  eden space 32768K, 0% used [0x00000000e0000000,0x00000000e0000000,0x00000000e2000000)
  from space 5120K, 72% used [0x00000000e2500000,0x00000000e2899ed0,0x00000000e2a00000)
  to   space 5120K, 0% used [0x00000000e2000000,0x00000000e2000000,0x00000000e2500000)
 ParOldGen       total 44032K, used 6239K [0x00000000a0000000, 0x00000000a2b00000, 0x00000000e0000000)
  object space 44032K, 14% used [0x00000000a0000000,0x00000000a0617e48,0x00000000a2b00000)
 Metaspace       used 15865K, capacity 16192K, committed 16256K, reserved 1062912K
  class space    used 2262K, capacity 2424K, committed 2432K, reserved 1048576K
}
Event: 16.377 GC heap before
{Heap before GC invocations=9 (full 0):
 PSYoungGen      total 37888K, used 36455K [0x00000000e0000000, 0x00000000e2a00000, 0x0000000100000000)
  eden space 32768K, 100% used [0x00000000e0000000,0x00000000e2000000,0x00000000e2000000)
  from space 5120K, 72% used [0x00000000e2500000,0x00000000e2899ed0,0x00000000e2a00000)
  to   space 5120K, 0% used [0x00000000e2000000,0x00000000e2000000,0x00000000e2500000)
 ParOldGen       total 44032K, used 6239K [0x00000000a0000000, 0x00000000a2b00000, 0x00000000e0000000)
  object space 44032K, 14% used [0x00000000a0000000,0x00000000a0617e48,0x00000000a2b00000)
 Metaspace       used 19172K, capacity 19598K, committed 19840K, reserved 1067008K
  class space    used 2759K, capacity 2927K, committed 2944K, reserved 1048576K
Event: 16.398 GC heap after
Heap after GC invocations=9 (full 0):
 PSYoungGen      total 37888K, used 5098K [0x00000000e0000000, 0x00000000e3f80000, 0x0000000100000000)
  eden space 32768K, 0% used [0x00000000e0000000,0x00000000e0000000,0x00000000e2000000)
  from space 5120K, 99% used [0x00000000e2000000,0x00000000e24fabb0,0x00000000e2500000)
  to   space 6144K, 0% used [0x00000000e3980000,0x00000000e3980000,0x00000000e3f80000)
 ParOldGen       total 44032K, used 7196K [0x00000000a0000000, 0x00000000a2b00000, 0x00000000e0000000)
  object space 44032K, 16% used [0x00000000a0000000,0x00000000a0707120,0x00000000a2b00000)
 Metaspace       used 19172K, capacity 19598K, committed 19840K, reserved 1067008K
  class space    used 2759K, capacity 2927K, committed 2944K, reserved 1048576K
}
Event: 16.994 GC heap before
{Heap before GC invocations=10 (full 0):
 PSYoungGen      total 37888K, used 15316K [0x00000000e0000000, 0x00000000e3f80000, 0x0000000100000000)
  eden space 32768K, 31% used [0x00000000e0000000,0x00000000e09fa6a0,0x00000000e2000000)
  from space 5120K, 99% used [0x00000000e2000000,0x00000000e24fabb0,0x00000000e2500000)
  to   space 6144K, 0% used [0x00000000e3980000,0x00000000e3980000,0x00000000e3f80000)
 ParOldGen       total 44032K, used 7196K [0x00000000a0000000, 0x00000000a2b00000, 0x00000000e0000000)
  object space 44032K, 16% used [0x00000000a0000000,0x00000000a0707120,0x00000000a2b00000)
 Metaspace       used 20647K, capacity 21102K, committed 21296K, reserved 1067008K
  class space    used 2899K, capacity 3087K, committed 3200K, reserved 1048576K
Event: 17.018 GC heap after
Heap after GC invocations=10 (full 0):
 PSYoungGen      total 58880K, used 2954K [0x00000000e0000000, 0x00000000e3f80000, 0x0000000100000000)
  eden space 52736K, 0% used [0x00000000e0000000,0x00000000e0000000,0x00000000e3380000)
  from space 6144K, 48% used [0x00000000e3980000,0x00000000e3c62828,0x00000000e3f80000)
  to   space 6144K, 0% used [0x00000000e3380000,0x00000000e3380000,0x00000000e3980000)
 ParOldGen       total 44032K, used 8350K [0x00000000a0000000, 0x00000000a2b00000, 0x00000000e0000000)
  object space 44032K, 18% used [0x00000000a0000000,0x00000000a0827848,0x00000000a2b00000)
 Metaspace       used 20647K, capacity 21102K, committed 21296K, reserved 1067008K
  class space    used 2899K, capacity 3087K, committed 3200K, reserved 1048576K
}
Event: 17.019 GC heap before
{Heap before GC invocations=11 (full 1):
 PSYoungGen      total 58880K, used 2954K [0x00000000e0000000, 0x00000000e3f80000, 0x0000000100000000)
  eden space 52736K, 0% used [0x00000000e0000000,0x00000000e0000000,0x00000000e3380000)
  from space 6144K, 48% used [0x00000000e3980000,0x00000000e3c62828,0x00000000e3f80000)
  to   space 6144K, 0% used [0x00000000e3380000,0x00000000e3380000,0x00000000e3980000)
 ParOldGen       total 44032K, used 8350K [0x00000000a0000000, 0x00000000a2b00000, 0x00000000e0000000)
  object space 44032K, 18% used [0x00000000a0000000,0x00000000a0827848,0x00000000a2b00000)
 Metaspace       used 20647K, capacity 21102K, committed 21296K, reserved 1067008K
  class space    used 2899K, capacity 3087K, committed 3200K, reserved 1048576K
Event: 17.167 GC heap after
Heap after GC invocations=11 (full 1):
 PSYoungGen      total 58880K, used 0K [0x00000000e0000000, 0x00000000e3f80000, 0x0000000100000000)
  eden space 52736K, 0% used [0x00000000e0000000,0x00000000e0000000,0x00000000e3380000)
  from space 6144K, 0% used [0x00000000e3980000,0x00000000e3980000,0x00000000e3f80000)
  to   space 6144K, 0% used [0x00000000e3380000,0x00000000e3380000,0x00000000e3980000)
 ParOldGen       total 31744K, used 7910K [0x00000000a0000000, 0x00000000a1f00000, 0x00000000e0000000)
  object space 31744K, 24% used [0x00000000a0000000,0x00000000a07b9bc0,0x00000000a1f00000)
 Metaspace       used 20647K, capacity 21102K, committed 21296K, reserved 1067008K
  class space    used 2899K, capacity 3087K, committed 3200K, reserved 1048576K
}
Event: 20.217 GC heap before
{Heap before GC invocations=12 (full 1):
 PSYoungGen      total 58880K, used 52736K [0x00000000e0000000, 0x00000000e3f80000, 0x0000000100000000)
  eden space 52736K, 100% used [0x00000000e0000000,0x00000000e3380000,0x00000000e3380000)
  from space 6144K, 0% used [0x00000000e3980000,0x00000000e3980000,0x00000000e3f80000)
  to   space 6144K, 0% used [0x00000000e3380000,0x00000000e3380000,0x00000000e3980000)
 ParOldGen       total 31744K, used 7910K [0x00000000a0000000, 0x00000000a1f00000, 0x00000000e0000000)
  object space 31744K, 24% used [0x00000000a0000000,0x00000000a07b9bc0,0x00000000a1f00000)
 Metaspace       used 27452K, capacity 27936K, committed 28032K, reserved 1073152K
  class space    used 3740K, capacity 3929K, committed 3968K, reserved 1048576K
Event: 20.237 GC heap after
Heap after GC invocations=12 (full 1):
 PSYoungGen      total 58880K, used 6134K [0x00000000e0000000, 0x00000000e5500000, 0x0000000100000000)
  eden space 52736K, 0% used [0x00000000e0000000,0x00000000e0000000,0x00000000e3380000)
  from space 6144K, 99% used [0x00000000e3380000,0x00000000e397d890,0x00000000e3980000)
  to   space 6656K, 0% used [0x00000000e4e80000,0x00000000e4e80000,0x00000000e5500000)
 ParOldGen       total 31744K, used 8547K [0x00000000a0000000, 0x00000000a1f00000, 0x00000000e0000000)
  object space 31744K, 26% used [0x00000000a0000000,0x00000000a0858c38,0x00000000a1f00000)
 Metaspace       used 27452K, capacity 27936K, committed 28032K, reserved 1073152K
  class space    used 3740K, capacity 3929K, committed 3968K, reserved 1048576K
}

Deoptimization events (10 events):
Event: 18.666 Thread 0x00000000195c3000 Uncommon trap: reason=unstable_if action=reinterpret pc=0x000000000358032c method=java.lang.String.regionMatches(ZILjava/lang/String;II)Z @ 41
Event: 18.687 Thread 0x00000000195c3000 Uncommon trap: reason=unstable_if action=reinterpret pc=0x0000000003502288 method=java.lang.ClassLoader.getClassLoadingLock(Ljava/lang/String;)Ljava/lang/Object; @ 6
Event: 18.775 Thread 0x00000000195c3000 Uncommon trap: reason=class_check action=maybe_recompile pc=0x00000000035360dc method=sun.misc.URLClassPath.getLoader(I)Lsun/misc/URLClassPath$Loader; @ 239
Event: 18.836 Thread 0x00000000195c3000 Uncommon trap: reason=class_check action=maybe_recompile pc=0x00000000035360dc method=sun.misc.URLClassPath.getLoader(I)Lsun/misc/URLClassPath$Loader; @ 239
Event: 19.646 Thread 0x00000000195c3000 Uncommon trap: reason=unstable_if action=reinterpret pc=0x00000000030ffb68 method=java.util.HashMap.hash(Ljava/lang/Object;)I @ 1
Event: 19.875 Thread 0x00000000195c3000 Uncommon trap: reason=unstable_if action=reinterpret pc=0x0000000003242780 method=java.util.HashMap.getNode(ILjava/lang/Object;)Ljava/util/HashMap$Node; @ 53
Event: 19.875 Thread 0x00000000195c3000 Uncommon trap: reason=unstable_if action=reinterpret pc=0x000000000313bdd8 method=java.util.HashMap.hash(Ljava/lang/Object;)I @ 1
Event: 19.875 Thread 0x00000000195c3000 Uncommon trap: reason=unstable_if action=reinterpret pc=0x0000000003439714 method=java.util.HashMap.putVal(ILjava/lang/Object;Ljava/lang/Object;ZZ)Ljava/lang/Object; @ 85
Event: 19.930 Thread 0x00000000195c3000 Uncommon trap: reason=unstable_if action=reinterpret pc=0x00000000032a8cf0 method=java.util.LinkedHashMap.afterNodeInsertion(Z)V @ 1
Event: 20.239 Thread 0x0000000002fa0000 Uncommon trap: reason=unstable_if action=reinterpret pc=0x00000000031a62f8 method=java.lang.ref.Reference.tryHandlePending(Z)Z @ 104

Classes redefined (0 events):
No events

Internal exceptions (10 events):
Event: 19.033 Thread 0x00000000195c3000 Exception <a 'java/lang/ClassNotFoundException': org/gradle/api/internal/project/AbstractPluginAwareBeanInfo> (0x00000000e1737458) thrown at [D:\src\AOSP-openjdk-cygwin\jdk8u\hotspot\src\share\vm\classfile\systemDictionary.cpp, line 210]
Event: 19.036 Thread 0x00000000195c3000 Exception <a 'java/lang/ClassNotFoundException': org/gradle/api/internal/project/AbstractPluginAwareCustomizer> (0x00000000e1764cb8) thrown at [D:\src\AOSP-openjdk-cygwin\jdk8u\hotspot\src\share\vm\classfile\systemDictionary.cpp, line 210]
Event: 19.040 Thread 0x00000000195c3000 Exception <a 'java/lang/ClassNotFoundException': org/gradle/initialization/DefaultSettingsCustomizer> (0x00000000e1795080) thrown at [D:\src\AOSP-openjdk-cygwin\jdk8u\hotspot\src\share\vm\classfile\systemDictionary.cpp, line 210]
Event: 19.049 Thread 0x00000000195c3000 Exception <a 'java/lang/ClassNotFoundException': org/gradle/initialization/DefaultSettings_DecoratedCustomizer> (0x00000000e1804600) thrown at [D:\src\AOSP-openjdk-cygwin\jdk8u\hotspot\src\share\vm\classfile\systemDictionary.cpp, line 210]
Event: 19.182 Thread 0x0000000019163800 Exception <a 'java/lang/NoSuchMethodError': <clinit>> (0x00000000e00e8fb8) thrown at [D:\src\AOSP-openjdk-cygwin\jdk8u\hotspot\src\share\vm\prims\jni.cpp, line 1613]
Event: 19.184 Thread 0x0000000019163800 Exception <a 'java/lang/NoSuchMethodError': <clinit>> (0x00000000e00fe540) thrown at [D:\src\AOSP-openjdk-cygwin\jdk8u\hotspot\src\share\vm\prims\jni.cpp, line 1613]
Event: 19.184 Thread 0x0000000019163800 Exception <a 'java/lang/NoSuchMethodError': <clinit>> (0x00000000e00ff258) thrown at [D:\src\AOSP-openjdk-cygwin\jdk8u\hotspot\src\share\vm\prims\jni.cpp, line 1613]
Event: 19.184 Thread 0x0000000019163800 Exception <a 'java/lang/NoSuchMethodError': <clinit>> (0x00000000e0100818) thrown at [D:\src\AOSP-openjdk-cygwin\jdk8u\hotspot\src\share\vm\prims\jni.cpp, line 1613]
Event: 19.646 Thread 0x00000000195c3000 Implicit null exception at 0x00000000030ff955 to 0x00000000030ffb59
Event: 19.875 Thread 0x00000000195c3000 Implicit null exception at 0x000000000313b95b to 0x000000000313bdbd

Events (10 events):
Event: 20.451 loading class org/gradle/configuration/project/BuildScriptProcessor$1 done
Event: 20.451 loading class org/gradle/tooling/internal/provider/events/DefaultScriptPluginIdentifier
Event: 20.451 loading class org/gradle/tooling/internal/provider/events/DefaultScriptPluginIdentifier done
Event: 20.451 loading class org/gradle/configuration/ProjectScriptTarget
Event: 20.451 loading class org/gradle/configuration/ProjectScriptTarget done
Event: 20.452 loading class org/gradle/api/internal/project/ProjectScript
Event: 20.452 loading class org/gradle/api/internal/project/ProjectScript done
Event: 20.473 Thread 0x00000000195c3000 Uncommon trap: trap_request=0xffffffde fr.pc=0x0000000003535fc8
Event: 20.473 Executing VM operation: RevokeBias
Event: 20.473 Executing VM operation: RevokeBias done


Dynamic libraries:
0x00007ff6b0080000 - 0x00007ff6b00b1000 	C:\Program Files\Android\Android Studio\jre\bin\java.exe
0x00007ff95e040000 - 0x00007ff95e230000 	C:\WINDOWS\SYSTEM32\ntdll.dll
0x00007ff95dc60000 - 0x00007ff95dd12000 	C:\WINDOWS\System32\KERNEL32.DLL
0x00007ff95bc20000 - 0x00007ff95bec3000 	C:\WINDOWS\System32\KERNELBASE.dll
0x00007ff95dba0000 - 0x00007ff95dc43000 	C:\WINDOWS\System32\ADVAPI32.dll
0x00007ff95c5a0000 - 0x00007ff95c63e000 	C:\WINDOWS\System32\msvcrt.dll
0x00007ff95c500000 - 0x00007ff95c597000 	C:\WINDOWS\System32\sechost.dll
0x00007ff95d880000 - 0x00007ff95d9a0000 	C:\WINDOWS\System32\RPCRT4.dll
0x00007ff95d510000 - 0x00007ff95d6a4000 	C:\WINDOWS\System32\USER32.dll
0x00007ff95c0c0000 - 0x00007ff95c0e1000 	C:\WINDOWS\System32\win32u.dll
0x00007ff95d730000 - 0x00007ff95d756000 	C:\WINDOWS\System32\GDI32.dll
0x00007ff95bef0000 - 0x00007ff95c084000 	C:\WINDOWS\System32\gdi32full.dll
0x00007ff95b220000 - 0x00007ff95b2be000 	C:\WINDOWS\System32\msvcp_win.dll
0x00007ff95afd0000 - 0x00007ff95b0ca000 	C:\WINDOWS\System32\ucrtbase.dll
0x00007ff943bc0000 - 0x00007ff943e45000 	C:\WINDOWS\WinSxS\amd64_microsoft.windows.common-controls_6595b64144ccf1df_6.0.18362.720_none_e6beb5c51314836b\COMCTL32.dll
0x00007ff95d1c0000 - 0x00007ff95d4f6000 	C:\WINDOWS\System32\combase.dll
0x00007ff95bba0000 - 0x00007ff95bc20000 	C:\WINDOWS\System32\bcryptPrimitives.dll
0x00007ff95d9a0000 - 0x00007ff95d9ce000 	C:\WINDOWS\System32\IMM32.DLL
0x00000000617e0000 - 0x00000000618b2000 	C:\Program Files\Android\Android Studio\jre\jre\bin\msvcr100.dll
0x0000000061c60000 - 0x00000000624a1000 	C:\Program Files\Android\Android Studio\jre\jre\bin\server\jvm.dll
0x00007ff95d760000 - 0x00007ff95d768000 	C:\WINDOWS\System32\PSAPI.DLL
0x00007ff946f90000 - 0x00007ff946f99000 	C:\WINDOWS\SYSTEM32\WSOCK32.dll
0x00007ff95de60000 - 0x00007ff95decf000 	C:\WINDOWS\System32\WS2_32.dll
0x00007ff9589b0000 - 0x00007ff9589d4000 	C:\WINDOWS\SYSTEM32\WINMM.dll
0x00007ff9522b0000 - 0x00007ff9522ba000 	C:\WINDOWS\SYSTEM32\VERSION.dll
0x00007ff958980000 - 0x00007ff9589ad000 	C:\WINDOWS\SYSTEM32\WINMMBASE.dll
0x00007ff95bb50000 - 0x00007ff95bb9a000 	C:\WINDOWS\System32\cfgmgr32.dll
0x00007ff955ae0000 - 0x00007ff955aef000 	C:\Program Files\Android\Android Studio\jre\jre\bin\verify.dll
0x00007ff94bed0000 - 0x00007ff94bef9000 	C:\Program Files\Android\Android Studio\jre\jre\bin\java.dll
0x00007ff94ba20000 - 0x00007ff94ba36000 	C:\Program Files\Android\Android Studio\jre\jre\bin\zip.dll
0x00007ff95cab0000 - 0x00007ff95d195000 	C:\WINDOWS\System32\SHELL32.dll
0x00007ff95c0f0000 - 0x00007ff95c199000 	C:\WINDOWS\System32\shcore.dll
0x00007ff95b2c0000 - 0x00007ff95ba40000 	C:\WINDOWS\System32\windows.storage.dll
0x00007ff95af80000 - 0x00007ff95afa3000 	C:\WINDOWS\System32\profapi.dll
0x00007ff95af10000 - 0x00007ff95af5a000 	C:\WINDOWS\System32\powrprof.dll
0x00007ff95af00000 - 0x00007ff95af10000 	C:\WINDOWS\System32\UMPDC.dll
0x00007ff95ded0000 - 0x00007ff95df22000 	C:\WINDOWS\System32\shlwapi.dll
0x00007ff95af60000 - 0x00007ff95af71000 	C:\WINDOWS\System32\kernel.appcore.dll
0x00007ff95bed0000 - 0x00007ff95bee7000 	C:\WINDOWS\System32\cryptsp.dll
0x00007ff957420000 - 0x00007ff95743a000 	C:\Program Files\Android\Android Studio\jre\jre\bin\net.dll
0x00007ff95a710000 - 0x00007ff95a777000 	C:\WINDOWS\system32\mswsock.dll
0x00007ff955bc0000 - 0x00007ff955bd1000 	C:\Program Files\Android\Android Studio\jre\jre\bin\nio.dll
0x00007ff954370000 - 0x00007ff95438e000 	C:\Users\HARSHIT KUMAR\.gradle\native\25\windows-amd64\native-platform.dll
0x00007ff958a00000 - 0x00007ff958a0d000 	C:\Program Files\Android\Android Studio\jre\jre\bin\management.dll
0x00007ff95a280000 - 0x00007ff95a2b3000 	C:\WINDOWS\system32\rsaenh.dll
0x00007ff95c090000 - 0x00007ff95c0b6000 	C:\WINDOWS\System32\bcrypt.dll
0x00007ff95adf0000 - 0x00007ff95ae15000 	C:\WINDOWS\SYSTEM32\USERENV.dll
0x00007ff95a8e0000 - 0x00007ff95a8ec000 	C:\WINDOWS\SYSTEM32\CRYPTBASE.dll
0x00007ff95a420000 - 0x00007ff95a45a000 	C:\WINDOWS\SYSTEM32\IPHLPAPI.DLL
0x00007ff95dc50000 - 0x00007ff95dc58000 	C:\WINDOWS\System32\NSI.dll
0x00007ff94de20000 - 0x00007ff94de36000 	C:\WINDOWS\SYSTEM32\dhcpcsvc6.DLL
0x00007ff94e970000 - 0x00007ff94e98c000 	C:\WINDOWS\SYSTEM32\dhcpcsvc.DLL
0x00007ff95a460000 - 0x00007ff95a52a000 	C:\WINDOWS\SYSTEM32\DNSAPI.dll

VM Arguments:
jvm_args: -Xmx1536m -Dfile.encoding=windows-1252 -Duser.country=IN -Duser.language=en -Duser.variant 
java_command: org.gradle.launcher.daemon.bootstrap.GradleDaemon 5.1.1
java_class_path (initial): C:\Users\HARSHIT KUMAR\.gradle\wrapper\dists\gradle-5.1.1-all\97z1ksx6lirer3kbvdnh7jtjg\gradle-5.1.1\lib\gradle-launcher-5.1.1.jar
Launcher Type: SUN_STANDARD

Environment Variables:
PATH=C:\Program Files (x86)\Intel\iCLS Client\;C:\Program Files\Intel\iCLS Client\;C:\WINDOWS\system32;C:\WINDOWS;C:\WINDOWS\System32\Wbem;C:\WINDOWS\System32\WindowsPowerShell\v1.0\;C:\Program Files (x86)\Intel\Intel(R) Management Engine Components\DAL;C:\Program Files\Intel\Intel(R) Management Engine Components\DAL;C:\Program Files (x86)\Intel\Intel(R) Management Engine Components\IPT;C:\Program Files\Intel\Intel(R) Management Engine Components\IPT;C:\Program Files\Intel\WiFi\bin\;C:\Program Files\Common Files\Intel\WirelessCommon\;C:\WINDOWS\System32\OpenSSH\;C:\Users\HARSHIT KUMAR\AppData\Local\GitHubDesktop\bin;C:\Program Files\Java\jdk-14\bin;C:\sqlite;C:\Users\HARSHIT KUMAR\AppData\Local\Programs\Python\Python37\Scripts\;C:\Users\HARSHIT KUMAR\AppData\Local\Programs\Python\Python37\;C:\Users\HARSHIT KUMAR\AppData\Local\Microsoft\WindowsApps;C:\Users\HARSHIT KUMAR\AppData\Local\GitHubDesktop\bin;%USERPROFILE%\AppData\Local\Microsoft\WindowsApps;
USERNAME=HARSHIT KUMAR
OS=Windows_NT
PROCESSOR_IDENTIFIER=Intel64 Family 6 Model 142 Stepping 9, GenuineIntel



---------------  S Y S T E M  ---------------

OS: Windows 10.0 , 64 bit Build 18362 (10.0.18362.329)

CPU:total 4 (initial active 4) (2 cores per cpu, 2 threads per core) family 6 model 142 stepping 9, cmov, cx8, fxsr, mmx, sse, sse2, sse3, ssse3, sse4.1, sse4.2, popcnt, avx, avx2, aes, clmul, erms, 3dnowpref, lzcnt, ht, tsc, tscinvbit, bmi1, bmi2, adx

Memory: 4k page, physical 4078588k(380336k free), swap 16661500k(5320k free)

vm_info: OpenJDK 64-Bit Server VM (25.152-b01) for windows-amd64 JRE (1.8.0_152-release-1343-b01), built by "builder" with MS VC++ 10.0 (VS2010)

time: Thu Apr 09 12:41:03 2020
elapsed time: 20 seconds (0d 0h 0m 20s)

