#
# There is insufficient memory for the Java Runtime Environment to continue.
# Native memory allocation (malloc) failed to allocate 1502048 bytes for Chunk::new
# Possible reasons:
#   The system is out of physical RAM or swap space
#   In 32 bit mode, the process size limit was hit
# Possible solutions:
#   Reduce memory load on the system
#   Increase physical memory or swap space
#   Check if swap backing store is full
#   Use 64 bit Java on a 64 bit OS
#   Decrease Java heap size (-Xmx/-Xms)
#   Decrease number of Java threads
#   Decrease Java thread stack sizes (-Xss)
#   Set larger code cache with -XX:ReservedCodeCacheSize=
# This output file may be truncated or incomplete.
#
#  Out of Memory Error (allocation.cpp:390), pid=2080, tid=0x0000000000002b18
#
# JRE version: OpenJDK Runtime Environment (8.0_152-b01) (build 1.8.0_152-release-1343-b01)
# Java VM: OpenJDK 64-Bit Server VM (25.152-b01 mixed mode windows-amd64 compressed oops)
# Failed to write core dump. Minidumps are not enabled by default on client versions of Windows
#

---------------  T H R E A D  ---------------

Current thread (0x00000000166d1000):  JavaThread "C2 CompilerThread1" daemon [_thread_in_native, id=11032, stack(0x0000000017e20000,0x0000000017f20000)]

Stack: [0x0000000017e20000,0x0000000017f20000]
[error occurred during error reporting (printing stack bounds), id 0xc0000005]

Native frames: (J=compiled Java code, j=interpreted, Vv=VM code, C=native code)


Current CompileTask:
C2:   3864 1435   !   4       java.net.URLClassLoader$1::run (63 bytes)


---------------  P R O C E S S  ---------------

Java Threads: ( => current thread )
  0x0000000019f51000 JavaThread "Cache worker for file hash cache (C:\Users\HARSHIT KUMAR\AndroidStudioProjects\InventoryApp\.gradle\5.1.1\fileHashes)" [_thread_blocked, id=3784, stack(0x000000001d410000,0x000000001d510000)]
  0x0000000019f4e800 JavaThread "Cache worker for journal cache (C:\Users\HARSHIT KUMAR\.gradle\caches\journal-1)" [_thread_blocked, id=14028, stack(0x000000001c140000,0x000000001c240000)]
  0x00000000196f1800 JavaThread "File lock request listener" [_thread_in_native, id=14296, stack(0x000000001c040000,0x000000001c140000)]
  0x0000000019c9f800 JavaThread "Cache worker for file hash cache (C:\Users\HARSHIT KUMAR\.gradle\caches\5.1.1\fileHashes)" [_thread_in_native, id=10256, stack(0x000000001bf40000,0x000000001c040000)]
  0x000000001951f000 JavaThread "Thread-8" [_thread_blocked, id=184, stack(0x000000001be40000,0x000000001bf40000)]
  0x0000000019ca8000 JavaThread "Stdin handler" [_thread_blocked, id=14816, stack(0x000000001bd40000,0x000000001be40000)]
  0x0000000019ca7800 JavaThread "Asynchronous log dispatcher for DefaultDaemonConnection: socket connection from /127.0.0.1:59362 to /127.0.0.1:59363" [_thread_blocked, id=13988, stack(0x000000001bc40000,0x000000001bd40000)]
  0x0000000019b3a000 JavaThread "Daemon worker" [_thread_blocked, id=4584, stack(0x000000001bb40000,0x000000001bc40000)]
  0x000000001a022000 JavaThread "Cancel handler" [_thread_blocked, id=14164, stack(0x000000001ba40000,0x000000001bb40000)]
  0x0000000019302000 JavaThread "Handler for socket connection from /127.0.0.1:59362 to /127.0.0.1:59363" [_thread_in_native, id=11496, stack(0x000000001b740000,0x000000001b840000)]
  0x0000000019301800 JavaThread "Daemon" [_thread_blocked, id=10092, stack(0x000000001b640000,0x000000001b740000)]
  0x000000001901e000 JavaThread "Daemon periodic checks" [_thread_blocked, id=10900, stack(0x000000001b540000,0x000000001b640000)]
  0x0000000019c19800 JavaThread "Incoming local TCP Connector on port 59362" [_thread_in_native, id=15300, stack(0x000000001b300000,0x000000001b400000)]
  0x0000000018041800 JavaThread "Service Thread" daemon [_thread_blocked, id=12360, stack(0x0000000018420000,0x0000000018520000)]
  0x00000000166da000 JavaThread "C1 CompilerThread2" daemon [_thread_blocked, id=7680, stack(0x0000000017f20000,0x0000000018020000)]
=>0x00000000166d1000 JavaThread "C2 CompilerThread1" daemon [_thread_in_native, id=11032, stack(0x0000000017e20000,0x0000000017f20000)]
  0x00000000166d8800 JavaThread "C2 CompilerThread0" daemon [_thread_in_native, id=804, stack(0x0000000017d20000,0x0000000017e20000)]
  0x00000000166d7000 JavaThread "Attach Listener" daemon [_thread_blocked, id=12092, stack(0x0000000017c20000,0x0000000017d20000)]
  0x00000000166d6000 JavaThread "Signal Dispatcher" daemon [_thread_blocked, id=12624, stack(0x0000000017b20000,0x0000000017c20000)]
  0x0000000002d5c800 JavaThread "Finalizer" daemon [_thread_blocked, id=5268, stack(0x0000000017920000,0x0000000017a20000)]
  0x0000000002d53000 JavaThread "Reference Handler" daemon [_thread_blocked, id=13104, stack(0x0000000017820000,0x0000000017920000)]
  0x000000000134e800 JavaThread "main" [_thread_blocked, id=3084, stack(0x0000000002b00000,0x0000000002c00000)]

Other Threads:
  0x0000000016696000 VMThread [stack: 0x0000000017720000,0x0000000017820000] [id=7888]
  0x000000001672e800 WatcherThread [stack: 0x0000000018520000,0x0000000018620000] [id=4528]

VM state:not at safepoint (normal execution)

VM Mutex/Monitor currently owned by a thread: None

Heap:
 PSYoungGen      total 70656K, used 31731K [0x00000000e0000000, 0x00000000e4e00000, 0x0000000100000000)
  eden space 64512K, 39% used [0x00000000e0000000,0x00000000e1902758,0x00000000e3f00000)
  from space 6144K, 99% used [0x00000000e4600000,0x00000000e4bfa700,0x00000000e4c00000)
  to   space 7168K, 0% used [0x00000000e3f00000,0x00000000e3f00000,0x00000000e4600000)
 ParOldGen       total 44032K, used 6277K [0x00000000a0000000, 0x00000000a2b00000, 0x00000000e0000000)
  object space 44032K, 14% used [0x00000000a0000000,0x00000000a0621710,0x00000000a2b00000)
 Metaspace       used 18168K, capacity 18560K, committed 18688K, reserved 1064960K
  class space    used 2628K, capacity 2782K, committed 2816K, reserved 1048576K

Card table byte_map: [0x0000000012120000,0x0000000012430000] byte_map_base: 0x0000000011c20000

Marking Bits: (ParMarkBitMap*) 0x0000000062425aa0
 Begin Bits: [0x0000000012a30000, 0x0000000014230000)
 End Bits:   [0x0000000014230000, 0x0000000015a30000)

Polling page: 0x0000000001290000

CodeCache: size=245760Kb used=5462Kb max_used=5462Kb free=240297Kb
 bounds [0x0000000002d60000, 0x00000000032c0000, 0x0000000011d60000]
 total_blobs=1984 nmethods=1579 adapters=318
 compilation: enabled

Compilation events (10 events):
Event: 3.826 Thread 0x00000000166da000 1584       3       java.io.BufferedInputStream::read1 (108 bytes)
Event: 3.827 Thread 0x00000000166da000 nmethod 1584 0x00000000032b44d0 code [0x00000000032b46e0, 0x00000000032b4fd8]
Event: 3.841 Thread 0x00000000166da000 1585  s    3       java.io.BufferedInputStream::read (113 bytes)
Event: 3.842 Thread 0x00000000166da000 nmethod 1585 0x00000000032b55d0 code [0x00000000032b57a0, 0x00000000032b6118]
Event: 3.842 Thread 0x00000000166da000 1586       3       java.io.DataInputStream::readLong (128 bytes)
Event: 3.842 Thread 0x00000000166da000 nmethod 1586 0x00000000032b6490 code [0x00000000032b6600, 0x00000000032b69a8]
Event: 3.843 Thread 0x00000000166da000 1587       3       com.google.common.io.CountingInputStream::read (33 bytes)
Event: 3.843 Thread 0x00000000166da000 nmethod 1587 0x00000000032b6b50 code [0x00000000032b6cc0, 0x00000000032b6f28]
Event: 3.843 Thread 0x00000000166da000 1588       3       org.gradle.cache.internal.btree.BlockPointer::pos (56 bytes)
Event: 3.843 Thread 0x00000000166da000 nmethod 1588 0x00000000032b7010 code [0x00000000032b7200, 0x00000000032b7bb8]

GC Heap History (10 events):
Event: 1.174 GC heap before
{Heap before GC invocations=2 (full 0):
 PSYoungGen      total 18944K, used 18914K [0x00000000e0000000, 0x00000000e1500000, 0x0000000100000000)
  eden space 16384K, 100% used [0x00000000e0000000,0x00000000e1000000,0x00000000e1000000)
  from space 2560K, 98% used [0x00000000e1000000,0x00000000e1278a08,0x00000000e1280000)
  to   space 2560K, 0% used [0x00000000e1280000,0x00000000e1280000,0x00000000e1500000)
 ParOldGen       total 44032K, used 209K [0x00000000a0000000, 0x00000000a2b00000, 0x00000000e0000000)
  object space 44032K, 0% used [0x00000000a0000000,0x00000000a00344a8,0x00000000a2b00000)
 Metaspace       used 6946K, capacity 7102K, committed 7424K, reserved 1056768K
  class space    used 843K, capacity 907K, committed 1024K, reserved 1048576K
Event: 1.178 GC heap after
Heap after GC invocations=2 (full 0):
 PSYoungGen      total 18944K, used 2536K [0x00000000e0000000, 0x00000000e1500000, 0x0000000100000000)
  eden space 16384K, 0% used [0x00000000e0000000,0x00000000e0000000,0x00000000e1000000)
  from space 2560K, 99% used [0x00000000e1280000,0x00000000e14fa008,0x00000000e1500000)
  to   space 2560K, 0% used [0x00000000e1000000,0x00000000e1000000,0x00000000e1280000)
 ParOldGen       total 44032K, used 560K [0x00000000a0000000, 0x00000000a2b00000, 0x00000000e0000000)
  object space 44032K, 1% used [0x00000000a0000000,0x00000000a008c2a8,0x00000000a2b00000)
 Metaspace       used 6946K, capacity 7102K, committed 7424K, reserved 1056768K
  class space    used 843K, capacity 907K, committed 1024K, reserved 1048576K
}
Event: 1.430 GC heap before
{Heap before GC invocations=3 (full 0):
 PSYoungGen      total 18944K, used 18920K [0x00000000e0000000, 0x00000000e1500000, 0x0000000100000000)
  eden space 16384K, 100% used [0x00000000e0000000,0x00000000e1000000,0x00000000e1000000)
  from space 2560K, 99% used [0x00000000e1280000,0x00000000e14fa008,0x00000000e1500000)
  to   space 2560K, 0% used [0x00000000e1000000,0x00000000e1000000,0x00000000e1280000)
 ParOldGen       total 44032K, used 560K [0x00000000a0000000, 0x00000000a2b00000, 0x00000000e0000000)
  object space 44032K, 1% used [0x00000000a0000000,0x00000000a008c2a8,0x00000000a2b00000)
 Metaspace       used 7100K, capacity 7280K, committed 7424K, reserved 1056768K
  class space    used 861K, capacity 945K, committed 1024K, reserved 1048576K
Event: 1.436 GC heap after
Heap after GC invocations=3 (full 0):
 PSYoungGen      total 18944K, used 2540K [0x00000000e0000000, 0x00000000e2500000, 0x0000000100000000)
  eden space 16384K, 0% used [0x00000000e0000000,0x00000000e0000000,0x00000000e1000000)
  from space 2560K, 99% used [0x00000000e1000000,0x00000000e127b280,0x00000000e1280000)
  to   space 2560K, 0% used [0x00000000e2280000,0x00000000e2280000,0x00000000e2500000)
 ParOldGen       total 44032K, used 794K [0x00000000a0000000, 0x00000000a2b00000, 0x00000000e0000000)
  object space 44032K, 1% used [0x00000000a0000000,0x00000000a00c6bf8,0x00000000a2b00000)
 Metaspace       used 7100K, capacity 7280K, committed 7424K, reserved 1056768K
  class space    used 861K, capacity 945K, committed 1024K, reserved 1048576K
}
Event: 1.615 GC heap before
{Heap before GC invocations=4 (full 0):
 PSYoungGen      total 18944K, used 18924K [0x00000000e0000000, 0x00000000e2500000, 0x0000000100000000)
  eden space 16384K, 100% used [0x00000000e0000000,0x00000000e1000000,0x00000000e1000000)
  from space 2560K, 99% used [0x00000000e1000000,0x00000000e127b280,0x00000000e1280000)
  to   space 2560K, 0% used [0x00000000e2280000,0x00000000e2280000,0x00000000e2500000)
 ParOldGen       total 44032K, used 794K [0x00000000a0000000, 0x00000000a2b00000, 0x00000000e0000000)
  object space 44032K, 1% used [0x00000000a0000000,0x00000000a00c6bf8,0x00000000a2b00000)
 Metaspace       used 8301K, capacity 8472K, committed 8576K, reserved 1056768K
  class space    used 1059K, capacity 1108K, committed 1152K, reserved 1048576K
Event: 1.622 GC heap after
Heap after GC invocations=4 (full 0):
 PSYoungGen      total 35328K, used 2528K [0x00000000e0000000, 0x00000000e2500000, 0x0000000100000000)
  eden space 32768K, 0% used [0x00000000e0000000,0x00000000e0000000,0x00000000e2000000)
  from space 2560K, 98% used [0x00000000e2280000,0x00000000e24f8020,0x00000000e2500000)
  to   space 2560K, 0% used [0x00000000e2000000,0x00000000e2000000,0x00000000e2280000)
 ParOldGen       total 44032K, used 1901K [0x00000000a0000000, 0x00000000a2b00000, 0x00000000e0000000)
  object space 44032K, 4% used [0x00000000a0000000,0x00000000a01db518,0x00000000a2b00000)
 Metaspace       used 8301K, capacity 8472K, committed 8576K, reserved 1056768K
  class space    used 1059K, capacity 1108K, committed 1152K, reserved 1048576K
}
Event: 2.994 GC heap before
{Heap before GC invocations=5 (full 0):
 PSYoungGen      total 35328K, used 35296K [0x00000000e0000000, 0x00000000e2500000, 0x0000000100000000)
  eden space 32768K, 100% used [0x00000000e0000000,0x00000000e2000000,0x00000000e2000000)
  from space 2560K, 98% used [0x00000000e2280000,0x00000000e24f8020,0x00000000e2500000)
  to   space 2560K, 0% used [0x00000000e2000000,0x00000000e2000000,0x00000000e2280000)
 ParOldGen       total 44032K, used 1901K [0x00000000a0000000, 0x00000000a2b00000, 0x00000000e0000000)
  object space 44032K, 4% used [0x00000000a0000000,0x00000000a01db518,0x00000000a2b00000)
 Metaspace       used 13037K, capacity 13354K, committed 13440K, reserved 1060864K
  class space    used 1788K, capacity 1899K, committed 1920K, reserved 1048576K
Event: 3.003 GC heap after
Heap after GC invocations=5 (full 0):
 PSYoungGen      total 35328K, used 2528K [0x00000000e0000000, 0x00000000e4c00000, 0x0000000100000000)
  eden space 32768K, 0% used [0x00000000e0000000,0x00000000e0000000,0x00000000e2000000)
  from space 2560K, 98% used [0x00000000e2000000,0x00000000e2278040,0x00000000e2280000)
  to   space 6144K, 0% used [0x00000000e4600000,0x00000000e4600000,0x00000000e4c00000)
 ParOldGen       total 44032K, used 5858K [0x00000000a0000000, 0x00000000a2b00000, 0x00000000e0000000)
  object space 44032K, 13% used [0x00000000a0000000,0x00000000a05b89b8,0x00000000a2b00000)
 Metaspace       used 13037K, capacity 13354K, committed 13440K, reserved 1060864K
  class space    used 1788K, capacity 1899K, committed 1920K, reserved 1048576K
}
Event: 3.392 GC heap before
{Heap before GC invocations=6 (full 0):
 PSYoungGen      total 35328K, used 35296K [0x00000000e0000000, 0x00000000e4c00000, 0x0000000100000000)
  eden space 32768K, 100% used [0x00000000e0000000,0x00000000e2000000,0x00000000e2000000)
  from space 2560K, 98% used [0x00000000e2000000,0x00000000e2278040,0x00000000e2280000)
  to   space 6144K, 0% used [0x00000000e4600000,0x00000000e4600000,0x00000000e4c00000)
 ParOldGen       total 44032K, used 5858K [0x00000000a0000000, 0x00000000a2b00000, 0x00000000e0000000)
  object space 44032K, 13% used [0x00000000a0000000,0x00000000a05b89b8,0x00000000a2b00000)
 Metaspace       used 15744K, capacity 16128K, committed 16256K, reserved 1062912K
  class space    used 2244K, capacity 2424K, committed 2432K, reserved 1048576K
Event: 3.406 GC heap after
Heap after GC invocations=6 (full 0):
 PSYoungGen      total 70656K, used 6121K [0x00000000e0000000, 0x00000000e4e00000, 0x0000000100000000)
  eden space 64512K, 0% used [0x00000000e0000000,0x00000000e0000000,0x00000000e3f00000)
  from space 6144K, 99% used [0x00000000e4600000,0x00000000e4bfa700,0x00000000e4c00000)
  to   space 7168K, 0% used [0x00000000e3f00000,0x00000000e3f00000,0x00000000e4600000)
 ParOldGen       total 44032K, used 6277K [0x00000000a0000000, 0x00000000a2b00000, 0x00000000e0000000)
  object space 44032K, 14% used [0x00000000a0000000,0x00000000a0621710,0x00000000a2b00000)
 Metaspace       used 15744K, capacity 16128K, committed 16256K, reserved 1062912K
  class space    used 2244K, capacity 2424K, committed 2432K, reserved 1048576K
}

Deoptimization events (10 events):
Event: 2.818 Thread 0x0000000019b3a000 Uncommon trap: reason=bimorphic action=maybe_recompile pc=0x000000000302c928 method=java.util.HashMap.putVal(ILjava/lang/Object;Ljava/lang/Object;ZZ)Ljava/lang/Object; @ 253
Event: 2.819 Thread 0x0000000019b3a000 Uncommon trap: reason=bimorphic action=maybe_recompile pc=0x000000000302c928 method=java.util.HashMap.putVal(ILjava/lang/Object;Ljava/lang/Object;ZZ)Ljava/lang/Object; @ 253
Event: 2.819 Thread 0x0000000019b3a000 Uncommon trap: reason=bimorphic action=maybe_recompile pc=0x000000000302c928 method=java.util.HashMap.putVal(ILjava/lang/Object;Ljava/lang/Object;ZZ)Ljava/lang/Object; @ 253
Event: 2.819 Thread 0x0000000019b3a000 Uncommon trap: reason=bimorphic action=maybe_recompile pc=0x0000000003024cdc method=java.util.HashMap.putVal(ILjava/lang/Object;Ljava/lang/Object;ZZ)Ljava/lang/Object; @ 253
Event: 3.019 Thread 0x0000000019b3a000 Uncommon trap: reason=class_check action=maybe_recompile pc=0x0000000003042058 method=java.util.regex.Matcher.match(II)Z @ 86
Event: 3.033 Thread 0x0000000019b3a000 Uncommon trap: reason=class_check action=maybe_recompile pc=0x0000000003042058 method=java.util.regex.Matcher.match(II)Z @ 86
Event: 3.034 Thread 0x0000000019b3a000 Uncommon trap: reason=class_check action=maybe_recompile pc=0x0000000003042058 method=java.util.regex.Matcher.match(II)Z @ 86
Event: 3.034 Thread 0x0000000019b3a000 Uncommon trap: reason=class_check action=maybe_recompile pc=0x0000000003009adc method=java.util.regex.Matcher.match(II)Z @ 86
Event: 3.286 Thread 0x0000000019b3a000 Uncommon trap: reason=unstable_if action=reinterpret pc=0x000000000316ecf4 method=java.lang.String.lastIndexOf([CII[CIII)I @ 66
Event: 3.701 Thread 0x0000000019b3a000 Uncommon trap: reason=unstable_if action=reinterpret pc=0x000000000303ee18 method=java.io.File.getName()Ljava/lang/String; @ 16

Classes redefined (0 events):
No events

Internal exceptions (10 events):
Event: 2.757 Thread 0x0000000019302000 Exception <a 'java/lang/NoSuchMethodError': <clinit>> (0x00000000e0c76700) thrown at [D:\src\AOSP-openjdk-cygwin\jdk8u\hotspot\src\share\vm\prims\jni.cpp, line 1613]
Event: 2.759 Thread 0x0000000019302000 Exception <a 'java/lang/NoSuchMethodError': <clinit>> (0x00000000e0c8c950) thrown at [D:\src\AOSP-openjdk-cygwin\jdk8u\hotspot\src\share\vm\prims\jni.cpp, line 1613]
Event: 2.771 Thread 0x0000000019302000 Exception <a 'java/lang/NoSuchMethodError': <clinit>> (0x00000000e0cea368) thrown at [D:\src\AOSP-openjdk-cygwin\jdk8u\hotspot\src\share\vm\prims\jni.cpp, line 1613]
Event: 2.776 Thread 0x0000000019302000 Exception <a 'java/lang/NoSuchMethodError': <clinit>> (0x00000000e0d167f8) thrown at [D:\src\AOSP-openjdk-cygwin\jdk8u\hotspot\src\share\vm\prims\jni.cpp, line 1613]
Event: 2.787 Thread 0x0000000019302000 Exception <a 'java/lang/NoSuchMethodError': <clinit>> (0x00000000e0d449e0) thrown at [D:\src\AOSP-openjdk-cygwin\jdk8u\hotspot\src\share\vm\prims\jni.cpp, line 1613]
Event: 2.788 Thread 0x0000000019302000 Exception <a 'java/lang/NoSuchMethodError': <clinit>> (0x00000000e0d4fd80) thrown at [D:\src\AOSP-openjdk-cygwin\jdk8u\hotspot\src\share\vm\prims\jni.cpp, line 1613]
Event: 3.716 Thread 0x000000001951f000 Exception <a 'java/lang/NoSuchMethodError': <clinit>> (0x00000000e142a9d8) thrown at [D:\src\AOSP-openjdk-cygwin\jdk8u\hotspot\src\share\vm\prims\jni.cpp, line 1613]
Event: 3.716 Thread 0x000000001951f000 Exception <a 'java/lang/NoSuchMethodError': <clinit>> (0x00000000e142cdc0) thrown at [D:\src\AOSP-openjdk-cygwin\jdk8u\hotspot\src\share\vm\prims\jni.cpp, line 1613]
Event: 3.719 Thread 0x000000001951f000 Exception <a 'java/lang/NoSuchMethodError': <clinit>> (0x00000000e1436c68) thrown at [D:\src\AOSP-openjdk-cygwin\jdk8u\hotspot\src\share\vm\prims\jni.cpp, line 1613]
Event: 3.721 Thread 0x000000001951f000 Exception <a 'java/lang/NoSuchMethodError': <clinit>> (0x00000000e1445cd8) thrown at [D:\src\AOSP-openjdk-cygwin\jdk8u\hotspot\src\share\vm\prims\jni.cpp, line 1613]

Events (10 events):
Event: 3.823 loading class org/gradle/cache/internal/DefaultMultiProcessSafePersistentIndexedCache$1
Event: 3.824 loading class org/gradle/cache/internal/DefaultMultiProcessSafePersistentIndexedCache$1 done
Event: 3.825 loading class org/gradle/cache/internal/btree/BTreePersistentIndexedCache$IndexEntry
Event: 3.825 loading class org/gradle/cache/internal/btree/BTreePersistentIndexedCache$IndexEntry done
Event: 3.826 loading class java/math/BigInteger
Event: 3.840 loading class java/math/BigInteger done
Event: 3.842 loading class org/gradle/cache/internal/btree/BTreePersistentIndexedCache$Lookup
Event: 3.842 loading class org/gradle/cache/internal/btree/BTreePersistentIndexedCache$Lookup done
Event: 3.843 loading class org/gradle/api/internal/changedetection/state/CachingFileHasher$FileInfo
Event: 3.843 loading class org/gradle/api/internal/changedetection/state/CachingFileHasher$FileInfo done


Dynamic libraries:
0x00007ff7e4a20000 - 0x00007ff7e4a51000 	C:\Program Files\Android\Android Studio\jre\bin\java.exe
0x00007ff95e040000 - 0x00007ff95e230000 	C:\WINDOWS\SYSTEM32\ntdll.dll
0x00007ff95dc60000 - 0x00007ff95dd12000 	C:\WINDOWS\System32\KERNEL32.DLL
0x00007ff95bc20000 - 0x00007ff95bec3000 	C:\WINDOWS\System32\KERNELBASE.dll
0x00007ff95dba0000 - 0x00007ff95dc43000 	C:\WINDOWS\System32\ADVAPI32.dll
0x00007ff95c5a0000 - 0x00007ff95c63e000 	C:\WINDOWS\System32\msvcrt.dll
0x00007ff95c500000 - 0x00007ff95c597000 	C:\WINDOWS\System32\sechost.dll
0x00007ff95d880000 - 0x00007ff95d9a0000 	C:\WINDOWS\System32\RPCRT4.dll
0x00007ff95d510000 - 0x00007ff95d6a4000 	C:\WINDOWS\System32\USER32.dll
0x00007ff95c0c0000 - 0x00007ff95c0e1000 	C:\WINDOWS\System32\win32u.dll
0x00007ff95d730000 - 0x00007ff95d756000 	C:\WINDOWS\System32\GDI32.dll
0x00007ff95bef0000 - 0x00007ff95c084000 	C:\WINDOWS\System32\gdi32full.dll
0x00007ff95b220000 - 0x00007ff95b2be000 	C:\WINDOWS\System32\msvcp_win.dll
0x00007ff95afd0000 - 0x00007ff95b0ca000 	C:\WINDOWS\System32\ucrtbase.dll
0x00007ff943bc0000 - 0x00007ff943e45000 	C:\WINDOWS\WinSxS\amd64_microsoft.windows.common-controls_6595b64144ccf1df_6.0.18362.720_none_e6beb5c51314836b\COMCTL32.dll
0x00007ff95d1c0000 - 0x00007ff95d4f6000 	C:\WINDOWS\System32\combase.dll
0x00007ff95bba0000 - 0x00007ff95bc20000 	C:\WINDOWS\System32\bcryptPrimitives.dll
0x00007ff95d9a0000 - 0x00007ff95d9ce000 	C:\WINDOWS\System32\IMM32.DLL
0x00000000617e0000 - 0x00000000618b2000 	C:\Program Files\Android\Android Studio\jre\jre\bin\msvcr100.dll
0x0000000061c60000 - 0x00000000624a1000 	C:\Program Files\Android\Android Studio\jre\jre\bin\server\jvm.dll
0x00007ff95d760000 - 0x00007ff95d768000 	C:\WINDOWS\System32\PSAPI.DLL
0x00007ff9522b0000 - 0x00007ff9522ba000 	C:\WINDOWS\SYSTEM32\VERSION.dll
0x00007ff946f90000 - 0x00007ff946f99000 	C:\WINDOWS\SYSTEM32\WSOCK32.dll
0x00007ff9589b0000 - 0x00007ff9589d4000 	C:\WINDOWS\SYSTEM32\WINMM.dll
0x00007ff95de60000 - 0x00007ff95decf000 	C:\WINDOWS\System32\WS2_32.dll
0x00007ff958980000 - 0x00007ff9589ad000 	C:\WINDOWS\SYSTEM32\winmmbase.dll
0x00007ff95bb50000 - 0x00007ff95bb9a000 	C:\WINDOWS\System32\cfgmgr32.dll
0x00007ff955ae0000 - 0x00007ff955aef000 	C:\Program Files\Android\Android Studio\jre\jre\bin\verify.dll
0x00007ff94bed0000 - 0x00007ff94bef9000 	C:\Program Files\Android\Android Studio\jre\jre\bin\java.dll
0x00007ff94ba20000 - 0x00007ff94ba36000 	C:\Program Files\Android\Android Studio\jre\jre\bin\zip.dll
0x00007ff95cab0000 - 0x00007ff95d195000 	C:\WINDOWS\System32\SHELL32.dll
0x00007ff95c0f0000 - 0x00007ff95c199000 	C:\WINDOWS\System32\shcore.dll
0x00007ff95b2c0000 - 0x00007ff95ba40000 	C:\WINDOWS\System32\windows.storage.dll
0x00007ff95af80000 - 0x00007ff95afa3000 	C:\WINDOWS\System32\profapi.dll
0x00007ff95af10000 - 0x00007ff95af5a000 	C:\WINDOWS\System32\powrprof.dll
0x00007ff95af00000 - 0x00007ff95af10000 	C:\WINDOWS\System32\UMPDC.dll
0x00007ff95ded0000 - 0x00007ff95df22000 	C:\WINDOWS\System32\shlwapi.dll
0x00007ff95af60000 - 0x00007ff95af71000 	C:\WINDOWS\System32\kernel.appcore.dll
0x00007ff95bed0000 - 0x00007ff95bee7000 	C:\WINDOWS\System32\cryptsp.dll
0x00007ff957420000 - 0x00007ff95743a000 	C:\Program Files\Android\Android Studio\jre\jre\bin\net.dll
0x00007ff95a710000 - 0x00007ff95a777000 	C:\WINDOWS\system32\mswsock.dll
0x00007ff955bc0000 - 0x00007ff955bd1000 	C:\Program Files\Android\Android Studio\jre\jre\bin\nio.dll
0x00007ff954370000 - 0x00007ff95438e000 	C:\Users\HARSHIT KUMAR\.gradle\native\25\windows-amd64\native-platform.dll
0x00007ff958a00000 - 0x00007ff958a0d000 	C:\Program Files\Android\Android Studio\jre\jre\bin\management.dll
0x00007ff95a280000 - 0x00007ff95a2b3000 	C:\WINDOWS\system32\rsaenh.dll
0x00007ff95c090000 - 0x00007ff95c0b6000 	C:\WINDOWS\System32\bcrypt.dll
0x00007ff95adf0000 - 0x00007ff95ae15000 	C:\WINDOWS\SYSTEM32\USERENV.dll
0x00007ff95a8e0000 - 0x00007ff95a8ec000 	C:\WINDOWS\SYSTEM32\CRYPTBASE.dll
0x00007ff95a420000 - 0x00007ff95a45a000 	C:\WINDOWS\SYSTEM32\IPHLPAPI.DLL
0x00007ff95dc50000 - 0x00007ff95dc58000 	C:\WINDOWS\System32\NSI.dll
0x00007ff94de20000 - 0x00007ff94de36000 	C:\WINDOWS\SYSTEM32\dhcpcsvc6.DLL
0x00007ff94e970000 - 0x00007ff94e98c000 	C:\WINDOWS\SYSTEM32\dhcpcsvc.DLL
0x00007ff95a460000 - 0x00007ff95a52a000 	C:\WINDOWS\SYSTEM32\DNSAPI.dll

VM Arguments:
jvm_args: -Xmx1536m -Dfile.encoding=windows-1252 -Duser.country=IN -Duser.language=en -Duser.variant 
java_command: org.gradle.launcher.daemon.bootstrap.GradleDaemon 5.1.1
java_class_path (initial): C:\Users\HARSHIT KUMAR\.gradle\wrapper\dists\gradle-5.1.1-all\97z1ksx6lirer3kbvdnh7jtjg\gradle-5.1.1\lib\gradle-launcher-5.1.1.jar
Launcher Type: SUN_STANDARD

Environment Variables:
PATH=C:\Program Files (x86)\Intel\iCLS Client\;C:\Program Files\Intel\iCLS Client\;C:\WINDOWS\system32;C:\WINDOWS;C:\WINDOWS\System32\Wbem;C:\WINDOWS\System32\WindowsPowerShell\v1.0\;C:\Program Files (x86)\Intel\Intel(R) Management Engine Components\DAL;C:\Program Files\Intel\Intel(R) Management Engine Components\DAL;C:\Program Files (x86)\Intel\Intel(R) Management Engine Components\IPT;C:\Program Files\Intel\Intel(R) Management Engine Components\IPT;C:\Program Files\Intel\WiFi\bin\;C:\Program Files\Common Files\Intel\WirelessCommon\;C:\WINDOWS\System32\OpenSSH\;C:\Users\HARSHIT KUMAR\AppData\Local\GitHubDesktop\bin;C:\Program Files\Java\jdk-14\bin;C:\sqlite;C:\Users\HARSHIT KUMAR\AppData\Local\Programs\Python\Python37\Scripts\;C:\Users\HARSHIT KUMAR\AppData\Local\Programs\Python\Python37\;C:\Users\HARSHIT KUMAR\AppData\Local\Microsoft\WindowsApps;C:\Users\HARSHIT KUMAR\AppData\Local\GitHubDesktop\bin;%USERPROFILE%\AppData\Local\Microsoft\WindowsApps;
USERNAME=HARSHIT KUMAR
OS=Windows_NT
PROCESSOR_IDENTIFIER=Intel64 Family 6 Model 142 Stepping 9, GenuineIntel



---------------  S Y S T E M  ---------------

OS: Windows 10.0 , 64 bit Build 18362 (10.0.18362.329)

CPU:total 4 (initial active 4) (2 cores per cpu, 2 threads per core) family 6 model 142 stepping 9, cmov, cx8, fxsr, mmx, sse, sse2, sse3, ssse3, sse4.1, sse4.2, popcnt, avx, avx2, aes, clmul, erms, 3dnowpref, lzcnt, ht, tsc, tscinvbit, bmi1, bmi2, adx

Memory: 4k page, physical 4078588k(389532k free), swap 16661500k(5288k free)

vm_info: OpenJDK 64-Bit Server VM (25.152-b01) for windows-amd64 JRE (1.8.0_152-release-1343-b01), built by "builder" with MS VC++ 10.0 (VS2010)

time: Thu Apr 09 12:43:01 2020
elapsed time: 3 seconds (0d 0h 0m 3s)

