#
# There is insufficient memory for the Java Runtime Environment to continue.
# Native memory allocation (malloc) failed to allocate 1392256 bytes for Chunk::new
# Possible reasons:
#   The system is out of physical RAM or swap space
#   In 32 bit mode, the process size limit was hit
# Possible solutions:
#   Reduce memory load on the system
#   Increase physical memory or swap space
#   Check if swap backing store is full
#   Use 64 bit Java on a 64 bit OS
#   Decrease Java heap size (-Xmx/-Xms)
#   Decrease number of Java threads
#   Decrease Java thread stack sizes (-Xss)
#   Set larger code cache with -XX:ReservedCodeCacheSize=
# This output file may be truncated or incomplete.
#
#  Out of Memory Error (allocation.cpp:390), pid=11776, tid=0x0000000000002fc8
#
# JRE version: OpenJDK Runtime Environment (8.0_152-b01) (build 1.8.0_152-release-1343-b01)
# Java VM: OpenJDK 64-Bit Server VM (25.152-b01 mixed mode windows-amd64 compressed oops)
# Failed to write core dump. Minidumps are not enabled by default on client versions of Windows
#

---------------  T H R E A D  ---------------

Current thread (0x00000000167ed000):  JavaThread "C2 CompilerThread1" daemon [_thread_in_native, id=12232, stack(0x0000000017f50000,0x0000000018050000)]

Stack: [0x0000000017f50000,0x0000000018050000]
[error occurred during error reporting (printing stack bounds), id 0xc0000005]

Native frames: (J=compiled Java code, j=interpreted, Vv=VM code, C=native code)


Current CompileTask:
C2:   9622 3091       4       groovy.lang.MetaClassImpl$1MOPIter::methodNameAction (325 bytes)


---------------  P R O C E S S  ---------------

Java Threads: ( => current thread )
  0x000000001f6b1800 JavaThread "Build operations Thread 4" [_thread_blocked, id=10928, stack(0x0000000021e80000,0x0000000021f80000)]
  0x000000001f6b0800 JavaThread "Build operations Thread 3" [_thread_blocked, id=14416, stack(0x0000000021d80000,0x0000000021e80000)]
  0x000000001f6b2000 JavaThread "Build operations Thread 2" [_thread_blocked, id=11168, stack(0x0000000021c80000,0x0000000021d80000)]
  0x000000001f6b0000 JavaThread "Build operations" [_thread_blocked, id=13932, stack(0x0000000021690000,0x0000000021790000)]
  0x0000000019d19800 JavaThread "Cache worker for execution history cache (C:\Users\HARSHIT KUMAR\.gradle\caches\5.1.1\executionHistory)" [_thread_blocked, id=8320, stack(0x0000000021390000,0x0000000021490000)]
  0x0000000019d1e000 JavaThread "Cache worker for cache directory md-rule (C:\Users\HARSHIT KUMAR\.gradle\caches\5.1.1\md-rule)" [_thread_blocked, id=14696, stack(0x000000001ff40000,0x0000000020040000)]
  0x0000000019d1d000 JavaThread "Cache worker for cache directory md-supplier (C:\Users\HARSHIT KUMAR\.gradle\caches\5.1.1\md-supplier)" [_thread_blocked, id=11400, stack(0x000000001fe40000,0x000000001ff40000)]
  0x0000000019d1e800 JavaThread "Cache worker for file hash cache (C:\Users\HARSHIT KUMAR\AndroidStudioProjects\InventoryApp\.gradle\5.1.1\fileHashes)" [_thread_blocked, id=5072, stack(0x000000001c570000,0x000000001c670000)]
  0x0000000019d1b800 JavaThread "Cache worker for journal cache (C:\Users\HARSHIT KUMAR\.gradle\caches\journal-1)" [_thread_blocked, id=5352, stack(0x000000001c270000,0x000000001c370000)]
  0x0000000019d1b000 JavaThread "File lock request listener" [_thread_in_native, id=13816, stack(0x000000001c170000,0x000000001c270000)]
  0x00000000196e6800 JavaThread "Cache worker for file hash cache (C:\Users\HARSHIT KUMAR\.gradle\caches\5.1.1\fileHashes)" [_thread_blocked, id=12352, stack(0x000000001c070000,0x000000001c170000)]
  0x000000001962f000 JavaThread "Thread-8" [_thread_blocked, id=14988, stack(0x000000001bf70000,0x000000001c070000)]
  0x000000001962d800 JavaThread "Stdin handler" [_thread_blocked, id=6684, stack(0x000000001be70000,0x000000001bf70000)]
  0x000000001962d000 JavaThread "Asynchronous log dispatcher for DefaultDaemonConnection: socket connection from /127.0.0.1:59075 to /127.0.0.1:59076" [_thread_blocked, id=3032, stack(0x000000001bd70000,0x000000001be70000)]
  0x00000000196f6800 JavaThread "Daemon worker" [_thread_in_native, id=8792, stack(0x000000001bc70000,0x000000001bd70000)]
  0x0000000019b5f000 JavaThread "Cancel handler" [_thread_blocked, id=5828, stack(0x000000001bb70000,0x000000001bc70000)]
  0x0000000018ef6000 JavaThread "Handler for socket connection from /127.0.0.1:59075 to /127.0.0.1:59076" [_thread_in_native, id=15340, stack(0x000000001b870000,0x000000001b970000)]
  0x0000000019bee800 JavaThread "Daemon" [_thread_blocked, id=10840, stack(0x000000001b770000,0x000000001b870000)]
  0x0000000019527000 JavaThread "Daemon periodic checks" [_thread_blocked, id=13740, stack(0x000000001b670000,0x000000001b770000)]
  0x00000000194da800 JavaThread "Incoming local TCP Connector on port 59075" [_thread_in_native, id=5696, stack(0x000000001b430000,0x000000001b530000)]
  0x0000000018181800 JavaThread "Service Thread" daemon [_thread_blocked, id=1132, stack(0x0000000018550000,0x0000000018650000)]
  0x00000000167f3800 JavaThread "C1 CompilerThread2" daemon [_thread_blocked, id=7260, stack(0x0000000018050000,0x0000000018150000)]
=>0x00000000167ed000 JavaThread "C2 CompilerThread1" daemon [_thread_in_native, id=12232, stack(0x0000000017f50000,0x0000000018050000)]
  0x00000000167e9800 JavaThread "C2 CompilerThread0" daemon [_thread_blocked, id=5860, stack(0x0000000017e50000,0x0000000017f50000)]
  0x00000000167f7000 JavaThread "Attach Listener" daemon [_thread_blocked, id=1780, stack(0x0000000017d50000,0x0000000017e50000)]
  0x00000000167f6000 JavaThread "Signal Dispatcher" daemon [_thread_blocked, id=2968, stack(0x0000000017c50000,0x0000000017d50000)]
  0x00000000167d9800 JavaThread "Finalizer" daemon [_thread_blocked, id=8012, stack(0x0000000017a50000,0x0000000017b50000)]
  0x0000000002e71000 JavaThread "Reference Handler" daemon [_thread_blocked, id=13200, stack(0x0000000017950000,0x0000000017a50000)]
  0x0000000002d7e800 JavaThread "main" [_thread_blocked, id=7724, stack(0x0000000002c50000,0x0000000002d50000)]

Other Threads:
  0x00000000167b6000 VMThread [stack: 0x0000000017850000,0x0000000017950000] [id=13708]
  0x0000000018184000 WatcherThread [stack: 0x0000000018650000,0x0000000018750000] [id=9864]

VM state:not at safepoint (normal execution)

VM Mutex/Monitor currently owned by a thread: None

Heap:
 PSYoungGen      total 136192K, used 21748K [0x00000000e0000000, 0x00000000ea180000, 0x0000000100000000)
  eden space 125952K, 9% used [0x00000000e0000000,0x00000000e0b40ff0,0x00000000e7b00000)
  from space 10240K, 99% used [0x00000000e7b00000,0x00000000e84fc300,0x00000000e8500000)
  to   space 12288K, 0% used [0x00000000e9580000,0x00000000e9580000,0x00000000ea180000)
 ParOldGen       total 36864K, used 12504K [0x00000000a0000000, 0x00000000a2400000, 0x00000000e0000000)
  object space 36864K, 33% used [0x00000000a0000000,0x00000000a0c36160,0x00000000a2400000)
 Metaspace       used 34442K, capacity 35090K, committed 35200K, reserved 1079296K
  class space    used 4737K, capacity 4950K, committed 4992K, reserved 1048576K

Card table byte_map: [0x0000000012240000,0x0000000012550000] byte_map_base: 0x0000000011d40000

Marking Bits: (ParMarkBitMap*) 0x0000000062425aa0
 Begin Bits: [0x0000000012b50000, 0x0000000014350000)
 End Bits:   [0x0000000014350000, 0x0000000015b50000)

Polling page: 0x0000000000bf0000

CodeCache: size=245760Kb used=10401Kb max_used=10780Kb free=235358Kb
 bounds [0x0000000002e80000, 0x0000000003920000, 0x0000000011e80000]
 total_blobs=3631 nmethods=2940 adapters=604
 compilation: enabled

Compilation events (10 events):
Event: 9.379 Thread 0x00000000167f3800 nmethod 3134 0x0000000002fb5850 code [0x0000000002fb59a0, 0x0000000002fb5af0]
Event: 9.379 Thread 0x00000000167f3800 3133       3       com.google.common.collect.MapMakerInternalMap$Segment::preWriteCleanup (5 bytes)
Event: 9.380 Thread 0x00000000167f3800 nmethod 3133 0x0000000003076710 code [0x00000000030768e0, 0x0000000003077218]
Event: 9.410 Thread 0x00000000167f3800 3135       3       org.gradle.internal.classloader.FilteringClassLoader$TrieSet::find (9 bytes)
Event: 9.411 Thread 0x00000000167f3800 nmethod 3135 0x000000000308f910 code [0x000000000308fa80, 0x000000000308fc28]
Event: 9.436 Thread 0x00000000167f3800 3136       1       com.google.common.collect.MapMakerInternalMap$StrongKeyWeakValueSegment::access$100 (5 bytes)
Event: 9.436 Thread 0x00000000167f3800 nmethod 3136 0x00000000038fcd10 code [0x00000000038fce60, 0x00000000038fcf50]
Event: 9.440 Thread 0x00000000167e9800 nmethod 3130 0x0000000003157cd0 code [0x0000000003157f00, 0x0000000003159ce8]
Event: 9.444 Thread 0x00000000167f3800 3137       3       com.google.common.collect.MapMakerInternalMap$StrongKeyWeakValueSegment::self (5 bytes)
Event: 9.444 Thread 0x00000000167f3800 nmethod 3137 0x0000000003120490 code [0x00000000031205e0, 0x0000000003120810]

GC Heap History (10 events):
Event: 3.690 GC heap before
{Heap before GC invocations=6 (full 0):
 PSYoungGen      total 35328K, used 35296K [0x00000000e0000000, 0x00000000e4c00000, 0x0000000100000000)
  eden space 32768K, 100% used [0x00000000e0000000,0x00000000e2000000,0x00000000e2000000)
  from space 2560K, 98% used [0x00000000e2000000,0x00000000e2278020,0x00000000e2280000)
  to   space 6144K, 0% used [0x00000000e4600000,0x00000000e4600000,0x00000000e4c00000)
 ParOldGen       total 44032K, used 5871K [0x00000000a0000000, 0x00000000a2b00000, 0x00000000e0000000)
  object space 44032K, 13% used [0x00000000a0000000,0x00000000a05bbfa0,0x00000000a2b00000)
 Metaspace       used 15718K, capacity 16096K, committed 16256K, reserved 1062912K
  class space    used 2239K, capacity 2392K, committed 2432K, reserved 1048576K
Event: 3.705 GC heap after
Heap after GC invocations=6 (full 0):
 PSYoungGen      total 70656K, used 6136K [0x00000000e0000000, 0x00000000e4e00000, 0x0000000100000000)
  eden space 64512K, 0% used [0x00000000e0000000,0x00000000e0000000,0x00000000e3f00000)
  from space 6144K, 99% used [0x00000000e4600000,0x00000000e4bfe0e8,0x00000000e4c00000)
  to   space 7168K, 0% used [0x00000000e3f00000,0x00000000e3f00000,0x00000000e4600000)
 ParOldGen       total 44032K, used 6200K [0x00000000a0000000, 0x00000000a2b00000, 0x00000000e0000000)
  object space 44032K, 14% used [0x00000000a0000000,0x00000000a060e010,0x00000000a2b00000)
 Metaspace       used 15718K, capacity 16096K, committed 16256K, reserved 1062912K
  class space    used 2239K, capacity 2392K, committed 2432K, reserved 1048576K
}
Event: 4.496 GC heap before
{Heap before GC invocations=7 (full 0):
 PSYoungGen      total 70656K, used 52003K [0x00000000e0000000, 0x00000000e4e00000, 0x0000000100000000)
  eden space 64512K, 71% used [0x00000000e0000000,0x00000000e2ccabc8,0x00000000e3f00000)
  from space 6144K, 99% used [0x00000000e4600000,0x00000000e4bfe0e8,0x00000000e4c00000)
  to   space 7168K, 0% used [0x00000000e3f00000,0x00000000e3f00000,0x00000000e4600000)
 ParOldGen       total 44032K, used 6200K [0x00000000a0000000, 0x00000000a2b00000, 0x00000000e0000000)
  object space 44032K, 14% used [0x00000000a0000000,0x00000000a060e010,0x00000000a2b00000)
 Metaspace       used 20681K, capacity 21102K, committed 21296K, reserved 1067008K
  class space    used 2901K, capacity 3087K, committed 3200K, reserved 1048576K
Event: 4.512 GC heap after
Heap after GC invocations=7 (full 0):
 PSYoungGen      total 71680K, used 7149K [0x00000000e0000000, 0x00000000e9100000, 0x0000000100000000)
  eden space 64512K, 0% used [0x00000000e0000000,0x00000000e0000000,0x00000000e3f00000)
  from space 7168K, 99% used [0x00000000e3f00000,0x00000000e45fb7f0,0x00000000e4600000)
  to   space 9728K, 0% used [0x00000000e8780000,0x00000000e8780000,0x00000000e9100000)
 ParOldGen       total 44032K, used 8400K [0x00000000a0000000, 0x00000000a2b00000, 0x00000000e0000000)
  object space 44032K, 19% used [0x00000000a0000000,0x00000000a0834188,0x00000000a2b00000)
 Metaspace       used 20681K, capacity 21102K, committed 21296K, reserved 1067008K
  class space    used 2901K, capacity 3087K, committed 3200K, reserved 1048576K
}
Event: 4.512 GC heap before
{Heap before GC invocations=8 (full 1):
 PSYoungGen      total 71680K, used 7149K [0x00000000e0000000, 0x00000000e9100000, 0x0000000100000000)
  eden space 64512K, 0% used [0x00000000e0000000,0x00000000e0000000,0x00000000e3f00000)
  from space 7168K, 99% used [0x00000000e3f00000,0x00000000e45fb7f0,0x00000000e4600000)
  to   space 9728K, 0% used [0x00000000e8780000,0x00000000e8780000,0x00000000e9100000)
 ParOldGen       total 44032K, used 8400K [0x00000000a0000000, 0x00000000a2b00000, 0x00000000e0000000)
  object space 44032K, 19% used [0x00000000a0000000,0x00000000a0834188,0x00000000a2b00000)
 Metaspace       used 20681K, capacity 21102K, committed 21296K, reserved 1067008K
  class space    used 2901K, capacity 3087K, committed 3200K, reserved 1048576K
Event: 4.564 GC heap after
Heap after GC invocations=8 (full 1):
 PSYoungGen      total 71680K, used 0K [0x00000000e0000000, 0x00000000e9100000, 0x0000000100000000)
  eden space 64512K, 0% used [0x00000000e0000000,0x00000000e0000000,0x00000000e3f00000)
  from space 7168K, 0% used [0x00000000e3f00000,0x00000000e3f00000,0x00000000e4600000)
  to   space 9728K, 0% used [0x00000000e8780000,0x00000000e8780000,0x00000000e9100000)
 ParOldGen       total 36864K, used 10734K [0x00000000a0000000, 0x00000000a2400000, 0x00000000e0000000)
  object space 36864K, 29% used [0x00000000a0000000,0x00000000a0a7b940,0x00000000a2400000)
 Metaspace       used 20681K, capacity 21102K, committed 21296K, reserved 1067008K
  class space    used 2901K, capacity 3087K, committed 3200K, reserved 1048576K
}
Event: 5.796 GC heap before
{Heap before GC invocations=9 (full 1):
 PSYoungGen      total 71680K, used 64512K [0x00000000e0000000, 0x00000000e9100000, 0x0000000100000000)
  eden space 64512K, 100% used [0x00000000e0000000,0x00000000e3f00000,0x00000000e3f00000)
  from space 7168K, 0% used [0x00000000e3f00000,0x00000000e3f00000,0x00000000e4600000)
  to   space 9728K, 0% used [0x00000000e8780000,0x00000000e8780000,0x00000000e9100000)
 ParOldGen       total 36864K, used 10734K [0x00000000a0000000, 0x00000000a2400000, 0x00000000e0000000)
  object space 36864K, 29% used [0x00000000a0000000,0x00000000a0a7b940,0x00000000a2400000)
 Metaspace       used 28598K, capacity 29090K, committed 29440K, reserved 1075200K
  class space    used 3845K, capacity 4034K, committed 4096K, reserved 1048576K
Event: 5.812 GC heap after
Heap after GC invocations=9 (full 1):
 PSYoungGen      total 112128K, used 7652K [0x00000000e0000000, 0x00000000e8f00000, 0x0000000100000000)
  eden space 104448K, 0% used [0x00000000e0000000,0x00000000e0000000,0x00000000e6600000)
  from space 7680K, 99% used [0x00000000e8780000,0x00000000e8ef9030,0x00000000e8f00000)
  to   space 10240K, 0% used [0x00000000e7b00000,0x00000000e7b00000,0x00000000e8500000)
 ParOldGen       total 36864K, used 10742K [0x00000000a0000000, 0x00000000a2400000, 0x00000000e0000000)
  object space 36864K, 29% used [0x00000000a0000000,0x00000000a0a7d940,0x00000000a2400000)
 Metaspace       used 28598K, capacity 29090K, committed 29440K, reserved 1075200K
  class space    used 3845K, capacity 4034K, committed 4096K, reserved 1048576K
}
Event: 9.098 GC heap before
{Heap before GC invocations=10 (full 1):
 PSYoungGen      total 112128K, used 112100K [0x00000000e0000000, 0x00000000e8f00000, 0x0000000100000000)
  eden space 104448K, 100% used [0x00000000e0000000,0x00000000e6600000,0x00000000e6600000)
  from space 7680K, 99% used [0x00000000e8780000,0x00000000e8ef9030,0x00000000e8f00000)
  to   space 10240K, 0% used [0x00000000e7b00000,0x00000000e7b00000,0x00000000e8500000)
 ParOldGen       total 36864K, used 10742K [0x00000000a0000000, 0x00000000a2400000, 0x00000000e0000000)
  object space 36864K, 29% used [0x00000000a0000000,0x00000000a0a7d940,0x00000000a2400000)
 Metaspace       used 33826K, capacity 34384K, committed 34560K, reserved 1079296K
  class space    used 4650K, capacity 4841K, committed 4864K, reserved 1048576K
Event: 9.124 GC heap after
Heap after GC invocations=10 (full 1):
 PSYoungGen      total 136192K, used 10224K [0x00000000e0000000, 0x00000000ea180000, 0x0000000100000000)
  eden space 125952K, 0% used [0x00000000e0000000,0x00000000e0000000,0x00000000e7b00000)
  from space 10240K, 99% used [0x00000000e7b00000,0x00000000e84fc300,0x00000000e8500000)
  to   space 12288K, 0% used [0x00000000e9580000,0x00000000e9580000,0x00000000ea180000)
 ParOldGen       total 36864K, used 12504K [0x00000000a0000000, 0x00000000a2400000, 0x00000000e0000000)
  object space 36864K, 33% used [0x00000000a0000000,0x00000000a0c36160,0x00000000a2400000)
 Metaspace       used 33826K, capacity 34384K, committed 34560K, reserved 1079296K
  class space    used 4650K, capacity 4841K, committed 4864K, reserved 1048576K
}

Deoptimization events (10 events):
Event: 6.531 Thread 0x00000000196f6800 Uncommon trap: reason=unstable_if action=reinterpret pc=0x0000000002fea860 method=java.net.URI.match(CJJ)Z @ 45
Event: 6.532 Thread 0x00000000196f6800 Uncommon trap: reason=unstable_if action=reinterpret pc=0x0000000002fe26a0 method=java.net.URI.match(CJJ)Z @ 45
Event: 7.524 Thread 0x000000001f6b2000 Uncommon trap: reason=unstable_if action=reinterpret pc=0x000000000331715c method=java.util.concurrent.ConcurrentHashMap.addCount(JI)V @ 34
Event: 7.524 Thread 0x00000000196f6800 Uncommon trap: reason=unstable_if action=reinterpret pc=0x000000000341ff70 method=java.util.concurrent.ConcurrentHashMap.addCount(JI)V @ 34
Event: 7.524 Thread 0x000000001f6b2000 Uncommon trap: reason=unstable_if action=reinterpret pc=0x000000000341ff58 method=java.util.concurrent.ConcurrentHashMap.addCount(JI)V @ 7
Event: 7.538 Thread 0x00000000196f6800 Uncommon trap: reason=unstable_if action=reinterpret pc=0x00000000037a8b58 method=java.util.concurrent.ConcurrentHashMap.get(Ljava/lang/Object;)Ljava/lang/Object; @ 86
Event: 7.588 Thread 0x000000001f6b0000 Uncommon trap: reason=unstable_if action=reinterpret pc=0x000000000332ef54 method=java.util.concurrent.ConcurrentHashMap.transfer([Ljava/util/concurrent/ConcurrentHashMap$Node;[Ljava/util/concurrent/ConcurrentHashMap$Node;)V @ 34
Event: 7.592 Thread 0x00000000196f6800 Uncommon trap: reason=unstable_if action=reinterpret pc=0x000000000332ef84 method=java.util.concurrent.ConcurrentHashMap.transfer([Ljava/util/concurrent/ConcurrentHashMap$Node;[Ljava/util/concurrent/ConcurrentHashMap$Node;)V @ 277
Event: 8.612 Thread 0x00000000196f6800 Uncommon trap: reason=range_check action=make_not_entrant pc=0x00000000037b54ac method=java.lang.String.charAt(I)C @ 27
Event: 9.293 Thread 0x00000000196f6800 Uncommon trap: reason=class_check action=maybe_recompile pc=0x0000000002feda7c method=org.codehaus.groovy.reflection.CachedMethod.compareTo(Ljava/lang/Object;)I @ 1

Classes redefined (0 events):
No events

Internal exceptions (10 events):
Event: 9.172 Thread 0x00000000196f6800 Exception <a 'java/lang/ClassNotFoundException': org/gradle/api/internal/AbstractTaskBeanInfo> (0x00000000e01b92f0) thrown at [D:\src\AOSP-openjdk-cygwin\jdk8u\hotspot\src\share\vm\classfile\systemDictionary.cpp, line 210]
Event: 9.174 Thread 0x00000000196f6800 Exception <a 'java/lang/ClassNotFoundException': org/gradle/api/internal/AbstractTaskCustomizer> (0x00000000e01e9410) thrown at [D:\src\AOSP-openjdk-cygwin\jdk8u\hotspot\src\share\vm\classfile\systemDictionary.cpp, line 210]
Event: 9.178 Thread 0x00000000196f6800 Exception <a 'java/lang/ClassNotFoundException': org/gradle/api/DefaultTaskCustomizer> (0x00000000e02b63a8) thrown at [D:\src\AOSP-openjdk-cygwin\jdk8u\hotspot\src\share\vm\classfile\systemDictionary.cpp, line 210]
Event: 9.179 Thread 0x00000000196f6800 Exception <a 'java/lang/ClassNotFoundException': org/gradle/api/internal/ConventionTaskCustomizer> (0x00000000e02f5818) thrown at [D:\src\AOSP-openjdk-cygwin\jdk8u\hotspot\src\share\vm\classfile\systemDictionary.cpp, line 210]
Event: 9.181 Thread 0x00000000196f6800 Exception <a 'java/lang/ClassNotFoundException': org/gradle/api/tasks/DeleteCustomizer> (0x00000000e0331510) thrown at [D:\src\AOSP-openjdk-cygwin\jdk8u\hotspot\src\share\vm\classfile\systemDictionary.cpp, line 210]
Event: 9.183 Thread 0x00000000196f6800 Exception <a 'java/lang/ClassNotFoundException': org/gradle/api/tasks/Delete_DecoratedCustomizer> (0x00000000e037a138) thrown at [D:\src\AOSP-openjdk-cygwin\jdk8u\hotspot\src\share\vm\classfile\systemDictionary.cpp, line 210]
Event: 9.285 Thread 0x00000000196f6800 Exception <a 'java/lang/ClassNotFoundException': build_80oykyd4nzj0qc3k94n1rghsqBeanInfo> (0x00000000e0494908) thrown at [D:\src\AOSP-openjdk-cygwin\jdk8u\hotspot\src\share\vm\classfile\systemDictionary.cpp, line 210]
Event: 9.286 Thread 0x00000000196f6800 Exception <a 'java/lang/ClassNotFoundException': build_80oykyd4nzj0qc3k94n1rghsqCustomizer> (0x00000000e049fc28) thrown at [D:\src\AOSP-openjdk-cygwin\jdk8u\hotspot\src\share\vm\classfile\systemDictionary.cpp, line 210]
Event: 9.292 Thread 0x00000000196f6800 Exception <a 'java/lang/ClassNotFoundException': org/gradle/api/internal/plugins/DefaultObjectConfigurationActionBeanInfo> (0x00000000e050fd40) thrown at [D:\src\AOSP-openjdk-cygwin\jdk8u\hotspot\src\share\vm\classfile\systemDictionary.cpp, line 210]
Event: 9.293 Thread 0x00000000196f6800 Exception <a 'java/lang/ClassNotFoundException': org/gradle/api/internal/plugins/DefaultObjectConfigurationActionCustomizer> (0x00000000e054d678) thrown at [D:\src\AOSP-openjdk-cygwin\jdk8u\hotspot\src\share\vm\classfile\systemDictionary.cpp, line 210]

Events (10 events):
Event: 9.479 loading class com/google/common/base/Splitter$1$1
Event: 9.479 loading class com/google/common/base/Splitter$1$1 done
Event: 9.480 loading class com/google/common/base/Splitter$5
Event: 9.480 loading class com/google/common/base/Splitter$5 done
Event: 9.481 loading class com/google/common/collect/Lists
Event: 9.481 loading class com/google/common/collect/Lists done
Event: 9.497 loading class com/google/common/collect/ImmutableList
Event: 9.497 loading class com/google/common/collect/ImmutableList done
Event: 9.528 loading class com/google/common/collect/ImmutableCollection
Event: 9.528 loading class com/google/common/collect/ImmutableCollection done


Dynamic libraries:
0x00007ff763f50000 - 0x00007ff763f81000 	C:\Program Files\Android\Android Studio\jre\bin\java.exe
0x00007ff95e040000 - 0x00007ff95e230000 	C:\WINDOWS\SYSTEM32\ntdll.dll
0x00007ff95dc60000 - 0x00007ff95dd12000 	C:\WINDOWS\System32\KERNEL32.DLL
0x00007ff95bc20000 - 0x00007ff95bec3000 	C:\WINDOWS\System32\KERNELBASE.dll
0x00007ff95dba0000 - 0x00007ff95dc43000 	C:\WINDOWS\System32\ADVAPI32.dll
0x00007ff95c5a0000 - 0x00007ff95c63e000 	C:\WINDOWS\System32\msvcrt.dll
0x00007ff95c500000 - 0x00007ff95c597000 	C:\WINDOWS\System32\sechost.dll
0x00007ff95d880000 - 0x00007ff95d9a0000 	C:\WINDOWS\System32\RPCRT4.dll
0x00007ff95d510000 - 0x00007ff95d6a4000 	C:\WINDOWS\System32\USER32.dll
0x00007ff95c0c0000 - 0x00007ff95c0e1000 	C:\WINDOWS\System32\win32u.dll
0x00007ff95d730000 - 0x00007ff95d756000 	C:\WINDOWS\System32\GDI32.dll
0x00007ff95bef0000 - 0x00007ff95c084000 	C:\WINDOWS\System32\gdi32full.dll
0x00007ff95b220000 - 0x00007ff95b2be000 	C:\WINDOWS\System32\msvcp_win.dll
0x00007ff95afd0000 - 0x00007ff95b0ca000 	C:\WINDOWS\System32\ucrtbase.dll
0x00007ff943bc0000 - 0x00007ff943e45000 	C:\WINDOWS\WinSxS\amd64_microsoft.windows.common-controls_6595b64144ccf1df_6.0.18362.720_none_e6beb5c51314836b\COMCTL32.dll
0x00007ff95d1c0000 - 0x00007ff95d4f6000 	C:\WINDOWS\System32\combase.dll
0x00007ff95bba0000 - 0x00007ff95bc20000 	C:\WINDOWS\System32\bcryptPrimitives.dll
0x00007ff95d9a0000 - 0x00007ff95d9ce000 	C:\WINDOWS\System32\IMM32.DLL
0x00000000617e0000 - 0x00000000618b2000 	C:\Program Files\Android\Android Studio\jre\jre\bin\msvcr100.dll
0x0000000061c60000 - 0x00000000624a1000 	C:\Program Files\Android\Android Studio\jre\jre\bin\server\jvm.dll
0x00007ff95d760000 - 0x00007ff95d768000 	C:\WINDOWS\System32\PSAPI.DLL
0x00007ff9522b0000 - 0x00007ff9522ba000 	C:\WINDOWS\SYSTEM32\VERSION.dll
0x00007ff9589b0000 - 0x00007ff9589d4000 	C:\WINDOWS\SYSTEM32\WINMM.dll
0x00007ff946f90000 - 0x00007ff946f99000 	C:\WINDOWS\SYSTEM32\WSOCK32.dll
0x00007ff95de60000 - 0x00007ff95decf000 	C:\WINDOWS\System32\WS2_32.dll
0x00007ff958980000 - 0x00007ff9589ad000 	C:\WINDOWS\SYSTEM32\winmmbase.dll
0x00007ff95bb50000 - 0x00007ff95bb9a000 	C:\WINDOWS\System32\cfgmgr32.dll
0x00007ff955ae0000 - 0x00007ff955aef000 	C:\Program Files\Android\Android Studio\jre\jre\bin\verify.dll
0x00007ff94bed0000 - 0x00007ff94bef9000 	C:\Program Files\Android\Android Studio\jre\jre\bin\java.dll
0x00007ff94ba20000 - 0x00007ff94ba36000 	C:\Program Files\Android\Android Studio\jre\jre\bin\zip.dll
0x00007ff95cab0000 - 0x00007ff95d195000 	C:\WINDOWS\System32\SHELL32.dll
0x00007ff95c0f0000 - 0x00007ff95c199000 	C:\WINDOWS\System32\shcore.dll
0x00007ff95b2c0000 - 0x00007ff95ba40000 	C:\WINDOWS\System32\windows.storage.dll
0x00007ff95af80000 - 0x00007ff95afa3000 	C:\WINDOWS\System32\profapi.dll
0x00007ff95af10000 - 0x00007ff95af5a000 	C:\WINDOWS\System32\powrprof.dll
0x00007ff95af00000 - 0x00007ff95af10000 	C:\WINDOWS\System32\UMPDC.dll
0x00007ff95ded0000 - 0x00007ff95df22000 	C:\WINDOWS\System32\shlwapi.dll
0x00007ff95af60000 - 0x00007ff95af71000 	C:\WINDOWS\System32\kernel.appcore.dll
0x00007ff95bed0000 - 0x00007ff95bee7000 	C:\WINDOWS\System32\cryptsp.dll
0x00007ff957420000 - 0x00007ff95743a000 	C:\Program Files\Android\Android Studio\jre\jre\bin\net.dll
0x00007ff95a710000 - 0x00007ff95a777000 	C:\WINDOWS\system32\mswsock.dll
0x00007ff955bc0000 - 0x00007ff955bd1000 	C:\Program Files\Android\Android Studio\jre\jre\bin\nio.dll
0x00007ff954370000 - 0x00007ff95438e000 	C:\Users\HARSHIT KUMAR\.gradle\native\25\windows-amd64\native-platform.dll
0x00007ff958a00000 - 0x00007ff958a0d000 	C:\Program Files\Android\Android Studio\jre\jre\bin\management.dll
0x00007ff95a280000 - 0x00007ff95a2b3000 	C:\WINDOWS\system32\rsaenh.dll
0x00007ff95c090000 - 0x00007ff95c0b6000 	C:\WINDOWS\System32\bcrypt.dll
0x00007ff95adf0000 - 0x00007ff95ae15000 	C:\WINDOWS\SYSTEM32\USERENV.dll
0x00007ff95a8e0000 - 0x00007ff95a8ec000 	C:\WINDOWS\SYSTEM32\CRYPTBASE.dll
0x00007ff95a420000 - 0x00007ff95a45a000 	C:\WINDOWS\SYSTEM32\IPHLPAPI.DLL
0x00007ff95dc50000 - 0x00007ff95dc58000 	C:\WINDOWS\System32\NSI.dll
0x00007ff94de20000 - 0x00007ff94de36000 	C:\WINDOWS\SYSTEM32\dhcpcsvc6.DLL
0x00007ff94e970000 - 0x00007ff94e98c000 	C:\WINDOWS\SYSTEM32\dhcpcsvc.DLL
0x00007ff95a460000 - 0x00007ff95a52a000 	C:\WINDOWS\SYSTEM32\DNSAPI.dll

VM Arguments:
jvm_args: -Xmx1536m -Dfile.encoding=windows-1252 -Duser.country=IN -Duser.language=en -Duser.variant 
java_command: org.gradle.launcher.daemon.bootstrap.GradleDaemon 5.1.1
java_class_path (initial): C:\Users\HARSHIT KUMAR\.gradle\wrapper\dists\gradle-5.1.1-all\97z1ksx6lirer3kbvdnh7jtjg\gradle-5.1.1\lib\gradle-launcher-5.1.1.jar
Launcher Type: SUN_STANDARD

Environment Variables:
PATH=C:\Program Files (x86)\Intel\iCLS Client\;C:\Program Files\Intel\iCLS Client\;C:\WINDOWS\system32;C:\WINDOWS;C:\WINDOWS\System32\Wbem;C:\WINDOWS\System32\WindowsPowerShell\v1.0\;C:\Program Files (x86)\Intel\Intel(R) Management Engine Components\DAL;C:\Program Files\Intel\Intel(R) Management Engine Components\DAL;C:\Program Files (x86)\Intel\Intel(R) Management Engine Components\IPT;C:\Program Files\Intel\Intel(R) Management Engine Components\IPT;C:\Program Files\Intel\WiFi\bin\;C:\Program Files\Common Files\Intel\WirelessCommon\;C:\WINDOWS\System32\OpenSSH\;C:\Users\HARSHIT KUMAR\AppData\Local\GitHubDesktop\bin;C:\Program Files\Java\jdk-14\bin;C:\sqlite;C:\Users\HARSHIT KUMAR\AppData\Local\Programs\Python\Python37\Scripts\;C:\Users\HARSHIT KUMAR\AppData\Local\Programs\Python\Python37\;C:\Users\HARSHIT KUMAR\AppData\Local\Microsoft\WindowsApps;C:\Users\HARSHIT KUMAR\AppData\Local\GitHubDesktop\bin;%USERPROFILE%\AppData\Local\Microsoft\WindowsApps;
USERNAME=HARSHIT KUMAR
OS=Windows_NT
PROCESSOR_IDENTIFIER=Intel64 Family 6 Model 142 Stepping 9, GenuineIntel



---------------  S Y S T E M  ---------------

OS: Windows 10.0 , 64 bit Build 18362 (10.0.18362.329)

CPU:total 4 (initial active 4) (2 cores per cpu, 2 threads per core) family 6 model 142 stepping 9, cmov, cx8, fxsr, mmx, sse, sse2, sse3, ssse3, sse4.1, sse4.2, popcnt, avx, avx2, aes, clmul, erms, 3dnowpref, lzcnt, ht, tsc, tscinvbit, bmi1, bmi2, adx

Memory: 4k page, physical 4078588k(385208k free), swap 16661500k(5916k free)

vm_info: OpenJDK 64-Bit Server VM (25.152-b01) for windows-amd64 JRE (1.8.0_152-release-1343-b01), built by "builder" with MS VC++ 10.0 (VS2010)

time: Thu Apr 09 12:34:30 2020
elapsed time: 9 seconds (0d 0h 0m 9s)

